{"level":"\u001b[32minfo\u001b[39m","message":"{\"method\":\"GET\",\"url\":\"/tasks\",\"status\":\"304\",\"responseTime\":\"172.674\"}","timestamp":"2025-03-30T18:33:16.636Z"}
{"level":"\u001b[32minfo\u001b[39m","message":"{\"method\":\"GET\",\"url\":\"/tasks\",\"status\":\"304\",\"responseTime\":\"114.253\"}","timestamp":"2025-03-30T18:33:17.994Z"}
{"level":"\u001b[32minfo\u001b[39m","message":"{\"method\":\"GET\",\"url\":\"/tasks\",\"status\":\"304\",\"responseTime\":\"128.996\"}","timestamp":"2025-03-30T18:33:23.300Z"}
{"level":"\u001b[32minfo\u001b[39m","message":"{\"method\":\"DELETE\",\"url\":\"/deletetask/67e97980ef5ae37bdee3a54a\",\"status\":\"404\",\"responseTime\":\"3.552\"}","timestamp":"2025-03-30T18:33:31.914Z"}
{"level":"\u001b[32minfo\u001b[39m","message":"{\"method\":\"GET\",\"url\":\"/tasks\",\"status\":\"304\",\"responseTime\":\"130.020\"}","timestamp":"2025-03-30T18:33:56.933Z"}
{"level":"\u001b[32minfo\u001b[39m","message":"{\"method\":\"DELETE\",\"url\":\"/deletetask/67e97980ef5ae37bdee3a54a\",\"status\":\"404\",\"responseTime\":\"1.329\"}","timestamp":"2025-03-30T18:33:58.908Z"}
{"level":"\u001b[32minfo\u001b[39m","message":"{\"method\":\"GET\",\"url\":\"/tasks\",\"status\":\"304\",\"responseTime\":\"190.370\"}","timestamp":"2025-03-30T18:34:49.642Z"}
{"level":"\u001b[32minfo\u001b[39m","message":"{\"method\":\"DELETE\",\"url\":\"/deletetask/67e97980ef5ae37bdee3a54a\",\"status\":\"404\",\"responseTime\":\"4.603\"}","timestamp":"2025-03-30T18:34:50.593Z"}
{"level":"\u001b[32minfo\u001b[39m","message":"{\"method\":\"DELETE\",\"url\":\"/deletetask/67e97980ef5ae37bdee3a54a\",\"status\":\"404\",\"responseTime\":\"1.445\"}","timestamp":"2025-03-30T18:35:00.660Z"}
{"level":"\u001b[32minfo\u001b[39m","message":"{\"method\":\"DELETE\",\"url\":\"/deletetask/67e97980ef5ae37bdee3a54a\",\"status\":\"404\",\"responseTime\":\"5.237\"}","timestamp":"2025-03-30T18:35:49.552Z"}
{"level":"\u001b[32minfo\u001b[39m","message":"{\"method\":\"GET\",\"url\":\"/tasks\",\"status\":\"304\",\"responseTime\":\"194.767\"}","timestamp":"2025-03-30T18:35:53.111Z"}
{"level":"\u001b[32minfo\u001b[39m","message":"{\"method\":\"DELETE\",\"url\":\"/deletetask/67e97dd7ef5ae37bdee3a5af\",\"status\":\"404\",\"responseTime\":\"2.051\"}","timestamp":"2025-03-30T18:35:55.086Z"}
{"level":"\u001b[32minfo\u001b[39m","message":"{\"method\":\"GET\",\"url\":\"/tasks\",\"status\":\"304\",\"responseTime\":\"171.432\"}","timestamp":"2025-03-30T18:36:58.809Z"}
{"level":"\u001b[32minfo\u001b[39m","message":"{\"method\":\"DELETE\",\"url\":\"/deletetask/67e97980ef5ae37bdee3a54a\",\"status\":\"200\",\"responseTime\":\"127.028\"}","timestamp":"2025-03-30T18:37:00.577Z"}
{"level":"\u001b[32minfo\u001b[39m","message":"{\"method\":\"GET\",\"url\":\"/tasks\",\"status\":\"200\",\"responseTime\":\"123.587\"}","timestamp":"2025-03-30T18:37:06.680Z"}
{"level":"\u001b[32minfo\u001b[39m","message":"{\"method\":\"DELETE\",\"url\":\"/deletetask/67e97dd7ef5ae37bdee3a5af\",\"status\":\"200\",\"responseTime\":\"133.887\"}","timestamp":"2025-03-30T18:37:08.308Z"}
{"level":"\u001b[32minfo\u001b[39m","message":"{\"method\":\"GET\",\"url\":\"/tasks\",\"status\":\"200\",\"responseTime\":\"133.452\"}","timestamp":"2025-03-30T18:37:11.121Z"}
{"level":"\u001b[32minfo\u001b[39m","message":"{\"method\":\"GET\",\"url\":\"/tasks\",\"status\":\"304\",\"responseTime\":\"99.655\"}","timestamp":"2025-03-30T18:39:37.904Z"}
{"level":"\u001b[32minfo\u001b[39m","message":"{\"method\":\"GET\",\"url\":\"/tasks\",\"status\":\"304\",\"responseTime\":\"115.240\"}","timestamp":"2025-03-30T18:39:43.483Z"}
{"level":"\u001b[32minfo\u001b[39m","message":"{\"method\":\"DELETE\",\"url\":\"/deletetask/67e97f81aef9b70d4c6b6e72\",\"status\":\"200\",\"responseTime\":\"145.430\"}","timestamp":"2025-03-30T18:39:45.170Z"}
{"level":"\u001b[32minfo\u001b[39m","message":"{\"method\":\"GET\",\"url\":\"/tasks\",\"status\":\"200\",\"responseTime\":\"110.254\"}","timestamp":"2025-03-30T18:39:48.567Z"}
{"level":"\u001b[32minfo\u001b[39m","message":"{\"method\":\"PATCH\",\"url\":\"/updatestatus/67e97ef1ef5ae37bdee3a5be\",\"status\":\"200\",\"responseTime\":\"137.400\"}","timestamp":"2025-03-30T18:39:51.734Z"}
{"level":"\u001b[32minfo\u001b[39m","message":"{\"method\":\"GET\",\"url\":\"/tasks\",\"status\":\"200\",\"responseTime\":\"95.590\"}","timestamp":"2025-03-30T18:39:54.032Z"}
{"level":"\u001b[32minfo\u001b[39m","message":"{\"method\":\"PATCH\",\"url\":\"/updatestatus/67e97978ef5ae37bdee3a545\",\"status\":\"200\",\"responseTime\":\"117.491\"}","timestamp":"2025-03-30T18:39:56.913Z"}
{"level":"\u001b[32minfo\u001b[39m","message":"{\"method\":\"GET\",\"url\":\"/tasks\",\"status\":\"200\",\"responseTime\":\"97.511\"}","timestamp":"2025-03-30T18:40:00.876Z"}
{"level":"\u001b[32minfo\u001b[39m","message":"{\"method\":\"POST\",\"url\":\"/addtask\",\"status\":\"200\",\"responseTime\":\"118.649\"}","timestamp":"2025-03-30T18:40:13.124Z"}
{"level":"\u001b[32minfo\u001b[39m","message":"{\"method\":\"PATCH\",\"url\":\"/updatestatus/67e9900d55019e6723227f01\",\"status\":\"200\",\"responseTime\":\"122.176\"}","timestamp":"2025-03-30T18:40:15.409Z"}
{"level":"\u001b[32minfo\u001b[39m","message":"{\"method\":\"GET\",\"url\":\"/tasks\",\"status\":\"200\",\"responseTime\":\"102.657\"}","timestamp":"2025-03-30T18:40:17.245Z"}
{"level":"\u001b[32minfo\u001b[39m","message":"{\"method\":\"POST\",\"url\":\"/login\",\"status\":\"200\",\"responseTime\":\"176.225\"}","timestamp":"2025-03-30T18:47:15.418Z"}
{"level":"\u001b[32minfo\u001b[39m","message":"{\"method\":\"GET\",\"url\":\"/tasks\",\"status\":\"304\",\"responseTime\":\"135.612\"}","timestamp":"2025-03-30T18:47:15.647Z"}
{"level":"\u001b[32minfo\u001b[39m","message":"{\"method\":\"DELETE\",\"url\":\"/deletetask/67e97f59aef9b70d4c6b6e6f\",\"status\":\"200\",\"responseTime\":\"119.051\"}","timestamp":"2025-03-30T18:47:19.274Z"}
{"level":"\u001b[32minfo\u001b[39m","message":"{\"method\":\"GET\",\"url\":\"/tasks\",\"status\":\"200\",\"responseTime\":\"131.229\"}","timestamp":"2025-03-30T18:47:30.375Z"}
{"level":"\u001b[32minfo\u001b[39m","message":"{\"method\":\"GET\",\"url\":\"/tasks\",\"status\":\"304\",\"responseTime\":\"133.990\"}","timestamp":"2025-03-30T18:47:33.728Z"}
{"level":"\u001b[32minfo\u001b[39m","message":"{\"method\":\"GET\",\"url\":\"/tasks\",\"status\":\"304\",\"responseTime\":\"120.642\"}","timestamp":"2025-03-30T18:47:35.162Z"}
{"level":"\u001b[32minfo\u001b[39m","message":"{\"method\":\"DELETE\",\"url\":\"/deletetask/67e98bc871bbf4d0d8025078\",\"status\":\"200\",\"responseTime\":\"115.802\"}","timestamp":"2025-03-30T18:47:36.985Z"}
{"level":"\u001b[32minfo\u001b[39m","message":"{\"method\":\"GET\",\"url\":\"/tasks\",\"status\":\"200\",\"responseTime\":\"175.906\"}","timestamp":"2025-03-30T18:47:39.177Z"}
{"level":"\u001b[32minfo\u001b[39m","message":"{\"method\":\"PATCH\",\"url\":\"/updatestatus/67e9900d55019e6723227f01\",\"status\":\"200\",\"responseTime\":\"142.615\"}","timestamp":"2025-03-30T18:47:41.815Z"}
{"level":"\u001b[32minfo\u001b[39m","message":"{\"method\":\"GET\",\"url\":\"/tasks\",\"status\":\"200\",\"responseTime\":\"122.100\"}","timestamp":"2025-03-30T18:47:43.252Z"}
{"level":"\u001b[32minfo\u001b[39m","message":"{\"method\":\"GET\",\"url\":\"/tasks\",\"status\":\"304\",\"responseTime\":\"158.897\"}","timestamp":"2025-03-30T18:48:36.351Z"}
{"level":"\u001b[32minfo\u001b[39m","message":"{\"method\":\"GET\",\"url\":\"/tasks\",\"status\":\"304\",\"responseTime\":\"131.541\"}","timestamp":"2025-03-30T18:48:42.028Z"}
{"level":"\u001b[32minfo\u001b[39m","message":"{\"method\":\"GET\",\"url\":\"/tasks\",\"status\":\"304\",\"responseTime\":\"156.623\"}","timestamp":"2025-03-30T18:49:20.059Z"}
{"level":"\u001b[32minfo\u001b[39m","message":"{\"method\":\"PATCH\",\"url\":\"/updatestatus/67e9900d55019e6723227f01\",\"status\":\"200\",\"responseTime\":\"156.398\"}","timestamp":"2025-03-30T18:49:22.845Z"}
{"level":"\u001b[32minfo\u001b[39m","message":"{\"method\":\"GET\",\"url\":\"/tasks\",\"status\":\"200\",\"responseTime\":\"149.506\"}","timestamp":"2025-03-30T18:49:24.603Z"}
{"level":"\u001b[32minfo\u001b[39m","message":"{\"method\":\"PATCH\",\"url\":\"/updatestatus/67e9900d55019e6723227f01\",\"status\":\"200\",\"responseTime\":\"152.320\"}","timestamp":"2025-03-30T18:49:27.401Z"}
{"level":"\u001b[32minfo\u001b[39m","message":"{\"method\":\"GET\",\"url\":\"/tasks\",\"status\":\"200\",\"responseTime\":\"135.567\"}","timestamp":"2025-03-30T18:49:38.619Z"}
{"level":"\u001b[32minfo\u001b[39m","message":"{\"method\":\"GET\",\"url\":\"/tasks\",\"status\":\"304\",\"responseTime\":\"141.521\"}","timestamp":"2025-03-30T18:50:12.890Z"}
{"level":"\u001b[32minfo\u001b[39m","message":"{\"method\":\"GET\",\"url\":\"/tasks\",\"status\":\"304\",\"responseTime\":\"121.706\"}","timestamp":"2025-03-30T18:52:18.856Z"}
{"level":"\u001b[32minfo\u001b[39m","message":"{\"method\":\"GET\",\"url\":\"/tasks\",\"status\":\"304\",\"responseTime\":\"109.204\"}","timestamp":"2025-03-30T18:52:58.732Z"}
{"level":"\u001b[32minfo\u001b[39m","message":"{\"method\":\"POST\",\"url\":\"/login\",\"status\":\"200\",\"responseTime\":\"176.709\"}","timestamp":"2025-03-30T18:53:30.136Z"}
{"level":"\u001b[32minfo\u001b[39m","message":"{\"method\":\"GET\",\"url\":\"/tasks\",\"status\":\"304\",\"responseTime\":\"137.571\"}","timestamp":"2025-03-30T18:53:30.348Z"}
{"level":"\u001b[32minfo\u001b[39m","message":"{\"method\":\"PATCH\",\"url\":\"/updatestatus/67e97978ef5ae37bdee3a545\",\"status\":\"200\",\"responseTime\":\"144.462\"}","timestamp":"2025-03-30T18:53:32.784Z"}
{"level":"\u001b[32minfo\u001b[39m","message":"{\"method\":\"DELETE\",\"url\":\"/deletetask/67e97978ef5ae37bdee3a545\",\"status\":\"200\",\"responseTime\":\"112.797\"}","timestamp":"2025-03-30T18:55:15.047Z"}
{"level":"\u001b[32minfo\u001b[39m","message":"{\"method\":\"PATCH\",\"url\":\"/updatestatus/67e97ef1ef5ae37bdee3a5be\",\"status\":\"200\",\"responseTime\":\"131.686\"}","timestamp":"2025-03-30T18:55:17.154Z"}
{"level":"\u001b[32minfo\u001b[39m","message":"{\"method\":\"GET\",\"url\":\"/tasks\",\"status\":\"200\",\"responseTime\":\"125.475\"}","timestamp":"2025-03-30T19:00:01.044Z"}
{"level":"\u001b[32minfo\u001b[39m","message":"{\"method\":\"POST\",\"url\":\"/addtask\",\"status\":\"200\",\"responseTime\":\"239.343\"}","timestamp":"2025-03-30T19:00:10.376Z"}
{"level":"\u001b[32minfo\u001b[39m","message":"{\"method\":\"GET\",\"url\":\"/tasks\",\"status\":\"200\",\"responseTime\":\"138.102\"}","timestamp":"2025-03-30T19:01:19.071Z"}
{"level":"\u001b[32minfo\u001b[39m","message":"{\"method\":\"GET\",\"url\":\"/tasks\",\"status\":\"304\",\"responseTime\":\"127.905\"}","timestamp":"2025-03-30T19:01:26.685Z"}
{"level":"\u001b[32minfo\u001b[39m","message":"{\"method\":\"GET\",\"url\":\"/tasks\",\"status\":\"304\",\"responseTime\":\"131.179\"}","timestamp":"2025-03-30T19:01:37.710Z"}
{"level":"\u001b[32minfo\u001b[39m","message":"{\"method\":\"DELETE\",\"url\":\"/deletetask/67e9900d55019e6723227f01\",\"status\":\"200\",\"responseTime\":\"113.989\"}","timestamp":"2025-03-30T19:01:39.009Z"}
{"level":"\u001b[32minfo\u001b[39m","message":"{\"method\":\"GET\",\"url\":\"/tasks\",\"status\":\"200\",\"responseTime\":\"124.828\"}","timestamp":"2025-03-30T19:02:15.117Z"}
{"level":"\u001b[32minfo\u001b[39m","message":"{\"method\":\"GET\",\"url\":\"/tasks\",\"status\":\"304\",\"responseTime\":\"132.917\"}","timestamp":"2025-03-30T19:02:16.235Z"}
{"level":"\u001b[32minfo\u001b[39m","message":"{\"method\":\"GET\",\"url\":\"/tasks\",\"status\":\"304\",\"responseTime\":\"130.035\"}","timestamp":"2025-03-30T19:03:34.828Z"}
{"level":"\u001b[32minfo\u001b[39m","message":"{\"method\":\"GET\",\"url\":\"/tasks\",\"status\":\"304\",\"responseTime\":\"132.753\"}","timestamp":"2025-03-30T19:03:37.969Z"}
{"level":"\u001b[32minfo\u001b[39m","message":"{\"method\":\"GET\",\"url\":\"/tasks\",\"status\":\"304\",\"responseTime\":\"183.724\"}","timestamp":"2025-03-30T19:03:40.887Z"}
{"level":"\u001b[32minfo\u001b[39m","message":"{\"method\":\"GET\",\"url\":\"/tasks\",\"status\":\"304\",\"responseTime\":\"132.239\"}","timestamp":"2025-03-30T19:03:45.123Z"}
{"level":"\u001b[32minfo\u001b[39m","message":"{\"method\":\"GET\",\"url\":\"/tasks\",\"status\":\"304\",\"responseTime\":\"432.960\"}","timestamp":"2025-03-30T19:03:49.881Z"}
{"level":"\u001b[32minfo\u001b[39m","message":"{\"method\":\"GET\",\"url\":\"/tasks\",\"status\":\"304\",\"responseTime\":\"134.197\"}","timestamp":"2025-03-30T19:04:43.041Z"}
{"level":"\u001b[32minfo\u001b[39m","message":"{\"method\":\"GET\",\"url\":\"/tasks\",\"status\":\"304\",\"responseTime\":\"125.838\"}","timestamp":"2025-03-30T19:04:46.565Z"}
{"level":"\u001b[32minfo\u001b[39m","message":"{\"method\":\"GET\",\"url\":\"/tasks\",\"status\":\"304\",\"responseTime\":\"112.565\"}","timestamp":"2025-03-30T19:04:50.040Z"}
{"level":"\u001b[32minfo\u001b[39m","message":"{\"method\":\"GET\",\"url\":\"/tasks\",\"status\":\"304\",\"responseTime\":\"130.534\"}","timestamp":"2025-03-30T19:04:53.573Z"}
{"level":"\u001b[32minfo\u001b[39m","message":"{\"method\":\"GET\",\"url\":\"/tasks\",\"status\":\"304\",\"responseTime\":\"113.932\"}","timestamp":"2025-03-30T19:04:59.123Z"}
{"level":"\u001b[32minfo\u001b[39m","message":"{\"method\":\"GET\",\"url\":\"/tasks\",\"status\":\"304\",\"responseTime\":\"125.507\"}","timestamp":"2025-03-30T19:05:28.951Z"}
{"level":"\u001b[32minfo\u001b[39m","message":"{\"method\":\"GET\",\"url\":\"/tasks\",\"status\":\"304\",\"responseTime\":\"316.342\"}","timestamp":"2025-03-30T19:05:34.510Z"}
{"level":"\u001b[32minfo\u001b[39m","message":"{\"method\":\"GET\",\"url\":\"/tasks\",\"status\":\"304\",\"responseTime\":\"97.157\"}","timestamp":"2025-03-30T19:07:31.908Z"}
{"level":"\u001b[32minfo\u001b[39m","message":"{\"method\":\"GET\",\"url\":\"/tasks\",\"status\":\"304\",\"responseTime\":\"417.281\"}","timestamp":"2025-03-30T19:07:34.507Z"}
{"level":"\u001b[32minfo\u001b[39m","message":"{\"method\":\"GET\",\"url\":\"/tasks\",\"status\":\"304\",\"responseTime\":\"102.150\"}","timestamp":"2025-03-30T19:07:37.073Z"}
{"level":"\u001b[32minfo\u001b[39m","message":"{\"method\":\"GET\",\"url\":\"/tasks\",\"status\":\"304\",\"responseTime\":\"93.195\"}","timestamp":"2025-03-30T19:07:39.645Z"}
{"level":"\u001b[32minfo\u001b[39m","message":"{\"method\":\"GET\",\"url\":\"/tasks\",\"status\":\"304\",\"responseTime\":\"109.790\"}","timestamp":"2025-03-30T19:07:42.884Z"}
{"level":"\u001b[32minfo\u001b[39m","message":"{\"method\":\"GET\",\"url\":\"/tasks\",\"status\":\"304\",\"responseTime\":\"105.725\"}","timestamp":"2025-03-30T19:07:44.376Z"}
{"level":"\u001b[32minfo\u001b[39m","message":"{\"method\":\"GET\",\"url\":\"/tasks\",\"status\":\"304\",\"responseTime\":\"270.381\"}","timestamp":"2025-03-30T19:08:07.652Z"}
{"level":"\u001b[32minfo\u001b[39m","message":"{\"method\":\"GET\",\"url\":\"/tasks\",\"status\":\"304\",\"responseTime\":\"102.489\"}","timestamp":"2025-03-30T19:10:12.739Z"}
{"level":"\u001b[32minfo\u001b[39m","message":"{\"method\":\"GET\",\"url\":\"/tasks\",\"status\":\"304\",\"responseTime\":\"108.281\"}","timestamp":"2025-03-30T19:10:39.848Z"}
{"level":"\u001b[32minfo\u001b[39m","message":"{\"method\":\"PATCH\",\"url\":\"/updatestatus/67e994ba55019e6723227f3a\",\"status\":\"200\",\"responseTime\":\"126.055\"}","timestamp":"2025-03-30T19:12:54.180Z"}
{"level":"\u001b[32minfo\u001b[39m","message":"{\"method\":\"PATCH\",\"url\":\"/updatestatus/67e994ba55019e6723227f3a\",\"status\":\"200\",\"responseTime\":\"127.013\"}","timestamp":"2025-03-30T19:12:55.609Z"}
{"level":"\u001b[32minfo\u001b[39m","message":"{\"method\":\"GET\",\"url\":\"/tasks\",\"status\":\"304\",\"responseTime\":\"89.229\"}","timestamp":"2025-03-30T19:15:02.933Z"}
{"level":"\u001b[32minfo\u001b[39m","message":"{\"method\":\"PATCH\",\"url\":\"/updatestatus/67e97ef1ef5ae37bdee3a5be\",\"status\":\"200\",\"responseTime\":\"104.917\"}","timestamp":"2025-03-30T19:15:42.762Z"}
{"level":"\u001b[32minfo\u001b[39m","message":"{\"method\":\"GET\",\"url\":\"/tasks\",\"status\":\"304\",\"responseTime\":\"98.657\"}","timestamp":"2025-03-30T19:15:42.938Z"}
{"level":"\u001b[32minfo\u001b[39m","message":"{\"method\":\"GET\",\"url\":\"/tasks\",\"status\":\"304\",\"responseTime\":\"97.983\"}","timestamp":"2025-03-30T19:15:48.324Z"}
{"level":"\u001b[32minfo\u001b[39m","message":"{\"method\":\"GET\",\"url\":\"/tasks\",\"status\":\"304\",\"responseTime\":\"86.376\"}","timestamp":"2025-03-30T19:16:57.151Z"}
{"level":"\u001b[32minfo\u001b[39m","message":"{\"method\":\"GET\",\"url\":\"/tasks\",\"status\":\"304\",\"responseTime\":\"92.116\"}","timestamp":"2025-03-30T19:17:03.521Z"}
{"level":"\u001b[32minfo\u001b[39m","message":"{\"method\":\"GET\",\"url\":\"/tasks\",\"status\":\"304\",\"responseTime\":\"97.867\"}","timestamp":"2025-03-30T19:17:06.800Z"}
{"level":"\u001b[32minfo\u001b[39m","message":"{\"method\":\"GET\",\"url\":\"/tasks\",\"status\":\"304\",\"responseTime\":\"87.587\"}","timestamp":"2025-03-30T19:17:12.713Z"}
{"level":"\u001b[32minfo\u001b[39m","message":"{\"method\":\"GET\",\"url\":\"/tasks\",\"status\":\"304\",\"responseTime\":\"87.498\"}","timestamp":"2025-03-30T19:17:13.868Z"}
{"level":"\u001b[32minfo\u001b[39m","message":"{\"method\":\"GET\",\"url\":\"/tasks\",\"status\":\"304\",\"responseTime\":\"91.413\"}","timestamp":"2025-03-30T19:17:16.477Z"}
{"level":"\u001b[32minfo\u001b[39m","message":"{\"method\":\"GET\",\"url\":\"/tasks\",\"status\":\"304\",\"responseTime\":\"85.565\"}","timestamp":"2025-03-30T19:17:31.470Z"}
{"level":"\u001b[32minfo\u001b[39m","message":"{\"method\":\"GET\",\"url\":\"/tasks\",\"status\":\"304\",\"responseTime\":\"93.126\"}","timestamp":"2025-03-30T19:17:44.574Z"}
{"level":"\u001b[32minfo\u001b[39m","message":"{\"method\":\"GET\",\"url\":\"/tasks\",\"status\":\"304\",\"responseTime\":\"84.767\"}","timestamp":"2025-03-30T19:20:54.238Z"}
{"level":"\u001b[32minfo\u001b[39m","message":"{\"method\":\"GET\",\"url\":\"/tasks\",\"status\":\"304\",\"responseTime\":\"89.522\"}","timestamp":"2025-03-30T19:21:01.406Z"}
{"level":"\u001b[32minfo\u001b[39m","message":"{\"method\":\"GET\",\"url\":\"/tasks\",\"status\":\"304\",\"responseTime\":\"88.840\"}","timestamp":"2025-03-30T19:21:12.630Z"}
{"level":"\u001b[32minfo\u001b[39m","message":"{\"method\":\"GET\",\"url\":\"/tasks\",\"status\":\"304\",\"responseTime\":\"89.657\"}","timestamp":"2025-03-30T19:22:44.332Z"}
{"level":"\u001b[32minfo\u001b[39m","message":"{\"method\":\"GET\",\"url\":\"/tasks\",\"status\":\"304\",\"responseTime\":\"90.240\"}","timestamp":"2025-03-30T19:23:10.008Z"}
{"level":"\u001b[32minfo\u001b[39m","message":"{\"method\":\"GET\",\"url\":\"/tasks\",\"status\":\"304\",\"responseTime\":\"102.440\"}","timestamp":"2025-03-30T19:23:16.658Z"}
{"level":"\u001b[32minfo\u001b[39m","message":"{\"method\":\"GET\",\"url\":\"/tasks\",\"status\":\"304\",\"responseTime\":\"400.690\"}","timestamp":"2025-03-30T19:23:20.021Z"}
{"level":"\u001b[32minfo\u001b[39m","message":"{\"method\":\"GET\",\"url\":\"/tasks\",\"status\":\"304\",\"responseTime\":\"87.885\"}","timestamp":"2025-03-30T19:23:23.780Z"}
{"level":"\u001b[32minfo\u001b[39m","message":"{\"method\":\"GET\",\"url\":\"/tasks\",\"status\":\"304\",\"responseTime\":\"87.149\"}","timestamp":"2025-03-30T19:23:27.871Z"}
{"level":"\u001b[32minfo\u001b[39m","message":"{\"method\":\"GET\",\"url\":\"/tasks\",\"status\":\"304\",\"responseTime\":\"97.903\"}","timestamp":"2025-03-30T19:23:43.275Z"}
{"level":"\u001b[32minfo\u001b[39m","message":"{\"method\":\"GET\",\"url\":\"/tasks\",\"status\":\"304\",\"responseTime\":\"88.566\"}","timestamp":"2025-03-30T19:23:45.532Z"}
{"level":"\u001b[32minfo\u001b[39m","message":"{\"method\":\"GET\",\"url\":\"/tasks\",\"status\":\"304\",\"responseTime\":\"96.601\"}","timestamp":"2025-03-30T19:23:49.298Z"}
{"level":"\u001b[32minfo\u001b[39m","message":"{\"method\":\"GET\",\"url\":\"/tasks\",\"status\":\"304\",\"responseTime\":\"86.903\"}","timestamp":"2025-03-30T19:23:51.860Z"}
{"level":"\u001b[32minfo\u001b[39m","message":"{\"method\":\"PUT\",\"url\":\"/updatedata/67e97ef1ef5ae37bdee3a5be\",\"status\":\"404\",\"responseTime\":\"5.925\"}","timestamp":"2025-03-30T19:23:58.001Z"}
{"level":"\u001b[32minfo\u001b[39m","message":"{\"method\":\"GET\",\"url\":\"/tasks\",\"status\":\"304\",\"responseTime\":\"190.676\"}","timestamp":"2025-03-30T19:26:57.522Z"}
{"level":"\u001b[32minfo\u001b[39m","message":"{\"method\":\"GET\",\"url\":\"/tasks\",\"status\":\"304\",\"responseTime\":\"331.436\"}","timestamp":"2025-03-30T19:35:59.691Z"}
{"level":"\u001b[32minfo\u001b[39m","message":"{\"method\":\"PUT\",\"url\":\"/updatedata/67e97ef1ef5ae37bdee3a5be\",\"status\":\"200\",\"responseTime\":\"113.810\"}","timestamp":"2025-03-30T19:36:05.582Z"}
{"level":"\u001b[32minfo\u001b[39m","message":"{\"method\":\"GET\",\"url\":\"/tasks\",\"status\":\"200\",\"responseTime\":\"94.817\"}","timestamp":"2025-03-30T19:36:10.077Z"}
{"level":"\u001b[32minfo\u001b[39m","message":"{\"method\":\"GET\",\"url\":\"/tasks\",\"status\":\"304\",\"responseTime\":\"90.128\"}","timestamp":"2025-03-30T19:36:51.845Z"}
{"level":"\u001b[32minfo\u001b[39m","message":"{\"method\":\"PUT\",\"url\":\"/updatedata/67e97ef1ef5ae37bdee3a5be\",\"status\":\"200\",\"responseTime\":\"182.724\"}","timestamp":"2025-03-30T19:37:08.962Z"}
{"level":"\u001b[32minfo\u001b[39m","message":"{\"method\":\"GET\",\"url\":\"/tasks\",\"status\":\"200\",\"responseTime\":\"87.028\"}","timestamp":"2025-03-30T19:37:09.111Z"}
{"level":"\u001b[32minfo\u001b[39m","message":"{\"method\":\"GET\",\"url\":\"/tasks\",\"status\":\"304\",\"responseTime\":\"108.331\"}","timestamp":"2025-03-30T19:37:19.975Z"}
{"level":"\u001b[32minfo\u001b[39m","message":"{\"method\":\"PUT\",\"url\":\"/updatedata/67e994ba55019e6723227f3a\",\"status\":\"200\",\"responseTime\":\"121.041\"}","timestamp":"2025-03-30T19:37:24.581Z"}
{"level":"\u001b[32minfo\u001b[39m","message":"{\"method\":\"GET\",\"url\":\"/tasks\",\"status\":\"200\",\"responseTime\":\"91.698\"}","timestamp":"2025-03-30T19:37:24.693Z"}
{"level":"\u001b[32minfo\u001b[39m","message":"{\"method\":\"GET\",\"url\":\"/tasks\",\"status\":\"304\",\"responseTime\":\"88.160\"}","timestamp":"2025-03-30T19:38:02.026Z"}
{"level":"\u001b[32minfo\u001b[39m","message":"{\"method\":\"PUT\",\"url\":\"/updatedata/67e97ef1ef5ae37bdee3a5be\",\"status\":\"200\",\"responseTime\":\"120.779\"}","timestamp":"2025-03-30T19:38:33.477Z"}
{"level":"\u001b[32minfo\u001b[39m","message":"{\"method\":\"GET\",\"url\":\"/tasks\",\"status\":\"200\",\"responseTime\":\"88.566\"}","timestamp":"2025-03-30T19:38:33.824Z"}
{"level":"\u001b[32minfo\u001b[39m","message":"{\"method\":\"GET\",\"url\":\"/tasks\",\"status\":\"304\",\"responseTime\":\"90.733\"}","timestamp":"2025-03-30T19:39:53.710Z"}
{"level":"\u001b[32minfo\u001b[39m","message":"{\"method\":\"PUT\",\"url\":\"/updatedata/67e97ef1ef5ae37bdee3a5be\",\"status\":\"200\",\"responseTime\":\"114.698\"}","timestamp":"2025-03-30T19:39:57.145Z"}
{"level":"\u001b[32minfo\u001b[39m","message":"{\"method\":\"GET\",\"url\":\"/tasks\",\"status\":\"200\",\"responseTime\":\"150.253\"}","timestamp":"2025-03-30T19:39:57.363Z"}
{"level":"\u001b[32minfo\u001b[39m","message":"{\"method\":\"GET\",\"url\":\"/tasks\",\"status\":\"304\",\"responseTime\":\"87.995\"}","timestamp":"2025-03-30T19:41:07.830Z"}
{"level":"\u001b[32minfo\u001b[39m","message":"{\"method\":\"GET\",\"url\":\"/tasks\",\"status\":\"304\",\"responseTime\":\"83.392\"}","timestamp":"2025-03-30T19:41:21.958Z"}
{"level":"\u001b[32minfo\u001b[39m","message":"{\"method\":\"GET\",\"url\":\"/tasks\",\"status\":\"304\",\"responseTime\":\"98.370\"}","timestamp":"2025-03-30T19:41:22.937Z"}
{"level":"\u001b[32minfo\u001b[39m","message":"{\"method\":\"PUT\",\"url\":\"/updatedata/67e97ef1ef5ae37bdee3a5be\",\"status\":\"200\",\"responseTime\":\"141.260\"}","timestamp":"2025-03-30T19:41:30.020Z"}
{"level":"\u001b[32minfo\u001b[39m","message":"{\"method\":\"GET\",\"url\":\"/tasks\",\"status\":\"200\",\"responseTime\":\"200.649\"}","timestamp":"2025-03-30T19:41:30.242Z"}
{"level":"\u001b[32minfo\u001b[39m","message":"{\"method\":\"DELETE\",\"url\":\"/deletetask/67e97ef1ef5ae37bdee3a5be\",\"status\":\"200\",\"responseTime\":\"112.168\"}","timestamp":"2025-03-30T19:41:38.988Z"}
{"level":"\u001b[32minfo\u001b[39m","message":"{\"method\":\"GET\",\"url\":\"/tasks\",\"status\":\"200\",\"responseTime\":\"153.278\"}","timestamp":"2025-03-30T19:41:42.198Z"}
{"level":"\u001b[32minfo\u001b[39m","message":"{\"method\":\"POST\",\"url\":\"/addtask\",\"status\":\"200\",\"responseTime\":\"135.836\"}","timestamp":"2025-03-30T19:41:46.584Z"}
{"level":"\u001b[32minfo\u001b[39m","message":"{\"method\":\"GET\",\"url\":\"/tasks\",\"status\":\"200\",\"responseTime\":\"325.436\"}","timestamp":"2025-03-30T19:41:53.796Z"}
{"level":"\u001b[32minfo\u001b[39m","message":"{\"method\":\"POST\",\"url\":\"/addtask\",\"status\":\"200\",\"responseTime\":\"193.398\"}","timestamp":"2025-03-30T19:42:03.282Z"}
{"level":"\u001b[32minfo\u001b[39m","message":"{\"method\":\"GET\",\"url\":\"/tasks\",\"status\":\"200\",\"responseTime\":\"98.847\"}","timestamp":"2025-03-30T19:42:05.937Z"}
{"level":"\u001b[32minfo\u001b[39m","message":"{\"method\":\"PUT\",\"url\":\"/updatedata/67e99e8b08a1a9bf6e10b4d8\",\"status\":\"200\",\"responseTime\":\"112.577\"}","timestamp":"2025-03-30T19:42:12.414Z"}
{"level":"\u001b[32minfo\u001b[39m","message":"{\"method\":\"GET\",\"url\":\"/tasks\",\"status\":\"200\",\"responseTime\":\"98.635\"}","timestamp":"2025-03-30T19:42:12.527Z"}
{"level":"\u001b[32minfo\u001b[39m","message":"{\"method\":\"PATCH\",\"url\":\"/updatestatus/67e99e7a08a1a9bf6e10b4d3\",\"status\":\"200\",\"responseTime\":\"103.139\"}","timestamp":"2025-03-30T19:42:19.867Z"}
{"level":"\u001b[32minfo\u001b[39m","message":"{\"method\":\"DELETE\",\"url\":\"/deletetask/67e99e7a08a1a9bf6e10b4d3\",\"status\":\"200\",\"responseTime\":\"88.055\"}","timestamp":"2025-03-30T19:42:23.373Z"}
{"level":"\u001b[32minfo\u001b[39m","message":"{\"method\":\"GET\",\"url\":\"/tasks\",\"status\":\"200\",\"responseTime\":\"90.501\"}","timestamp":"2025-03-30T19:42:30.766Z"}
{"level":"\u001b[32minfo\u001b[39m","message":"{\"method\":\"POST\",\"url\":\"/login\",\"status\":\"200\",\"responseTime\":\"175.114\"}","timestamp":"2025-03-30T19:42:49.446Z"}
{"level":"\u001b[32minfo\u001b[39m","message":"{\"method\":\"GET\",\"url\":\"/tasks\",\"status\":\"304\",\"responseTime\":\"92.015\"}","timestamp":"2025-03-30T19:42:49.618Z"}
{"level":"\u001b[32minfo\u001b[39m","message":"{\"method\":\"GET\",\"url\":\"/tasks\",\"status\":\"304\",\"responseTime\":\"89.011\"}","timestamp":"2025-03-30T19:43:22.204Z"}
{"level":"\u001b[32minfo\u001b[39m","message":"{\"method\":\"DELETE\",\"url\":\"/deletetask/67e994ba55019e6723227f3a\",\"status\":\"200\",\"responseTime\":\"87.535\"}","timestamp":"2025-03-30T19:43:25.591Z"}
{"level":"\u001b[32minfo\u001b[39m","message":"{\"method\":\"DELETE\",\"url\":\"/deletetask/67e99e8b08a1a9bf6e10b4d8\",\"status\":\"200\",\"responseTime\":\"96.099\"}","timestamp":"2025-03-30T19:43:26.391Z"}
{"level":"\u001b[32minfo\u001b[39m","message":"{\"method\":\"POST\",\"url\":\"/addtask\",\"status\":\"200\",\"responseTime\":\"101.966\"}","timestamp":"2025-03-30T19:43:29.958Z"}
{"level":"\u001b[32minfo\u001b[39m","message":"{\"method\":\"PATCH\",\"url\":\"/updatestatus/67e99ee108a1a9bf6e10b4f0\",\"status\":\"200\",\"responseTime\":\"109.755\"}","timestamp":"2025-03-30T19:43:31.808Z"}
{"level":"\u001b[32minfo\u001b[39m","message":"{\"method\":\"PATCH\",\"url\":\"/updatestatus/67e99ee108a1a9bf6e10b4f0\",\"status\":\"200\",\"responseTime\":\"107.127\"}","timestamp":"2025-03-30T19:43:34.535Z"}
{"level":"\u001b[32minfo\u001b[39m","message":"{\"method\":\"GET\",\"url\":\"/tasks\",\"status\":\"200\",\"responseTime\":\"103.197\"}","timestamp":"2025-03-30T19:43:41.702Z"}
{"level":"\u001b[32minfo\u001b[39m","message":"{\"method\":\"GET\",\"url\":\"/tasks\",\"status\":\"304\",\"responseTime\":\"105.672\"}","timestamp":"2025-03-30T19:43:43.415Z"}
{"level":"\u001b[32minfo\u001b[39m","message":"{\"method\":\"GET\",\"url\":\"/tasks\",\"status\":\"304\",\"responseTime\":\"90.547\"}","timestamp":"2025-03-30T19:43:44.564Z"}
