{"level":"\u001b[32minfo\u001b[39m","message":"{\"method\":\"POST\",\"url\":\"/register\",\"status\":\"200\",\"responseTime\":\"4.871\"}","timestamp":"2025-03-30T04:52:21.805Z"}
{"level":"\u001b[32minfo\u001b[39m","message":"{\"method\":\"POST\",\"url\":\"/register\",\"status\":\"200\",\"responseTime\":\"369.174\"}","timestamp":"2025-03-30T05:20:04.636Z"}
{"level":"\u001b[32minfo\u001b[39m","message":"{\"method\":\"POST\",\"url\":\"/register\",\"status\":\"400\",\"responseTime\":\"131.730\"}","timestamp":"2025-03-30T05:20:27.974Z"}
{"level":"\u001b[32minfo\u001b[39m","message":"{\"method\":\"POST\",\"url\":\"/register\",\"status\":\"400\",\"responseTime\":\"105.522\"}","timestamp":"2025-03-30T05:21:31.099Z"}
{"level":"\u001b[32minfo\u001b[39m","message":"{\"method\":\"POST\",\"url\":\"/register\",\"status\":\"400\",\"responseTime\":\"139.174\"}","timestamp":"2025-03-30T05:22:01.717Z"}
{"level":"\u001b[32minfo\u001b[39m","message":"{\"method\":\"POST\",\"url\":\"/register\",\"status\":\"400\",\"responseTime\":\"143.820\"}","timestamp":"2025-03-30T05:22:28.751Z"}
{"level":"\u001b[32minfo\u001b[39m","message":"{\"method\":\"POST\",\"url\":\"/register\",\"status\":\"400\",\"responseTime\":\"177.281\"}","timestamp":"2025-03-30T05:23:39.465Z"}
{"level":"\u001b[32minfo\u001b[39m","message":"{\"method\":\"POST\",\"url\":\"/register\",\"status\":\"400\",\"responseTime\":\"182.752\"}","timestamp":"2025-03-30T05:24:01.781Z"}
{"level":"\u001b[32minfo\u001b[39m","message":"{\"method\":\"POST\",\"url\":\"/register\",\"status\":\"400\",\"responseTime\":\"131.627\"}","timestamp":"2025-03-30T05:27:14.347Z"}
{"level":"\u001b[32minfo\u001b[39m","message":"{\"method\":\"POST\",\"url\":\"/register\",\"status\":\"200\",\"responseTime\":\"345.438\"}","timestamp":"2025-03-30T05:27:28.223Z"}
{"level":"\u001b[32minfo\u001b[39m","message":"{\"method\":\"POST\",\"url\":\"/register\",\"status\":\"400\",\"responseTime\":\"366.922\"}","timestamp":"2025-03-30T05:30:34.840Z"}
{"level":"\u001b[32minfo\u001b[39m","message":"{\"method\":\"POST\",\"url\":\"/register\",\"status\":\"200\",\"responseTime\":\"218.749\"}","timestamp":"2025-03-30T05:30:48.401Z"}
{"level":"\u001b[32minfo\u001b[39m","message":"{\"method\":\"POST\",\"url\":\"/register\",\"status\":\"200\",\"responseTime\":\"323.903\"}","timestamp":"2025-03-30T05:37:16.950Z"}
{"level":"\u001b[32minfo\u001b[39m","message":"{\"method\":\"POST\",\"url\":\"/register\",\"status\":\"200\",\"responseTime\":\"396.027\"}","timestamp":"2025-03-30T05:37:38.472Z"}
{"level":"\u001b[32minfo\u001b[39m","message":"{\"method\":\"POST\",\"url\":\"/login\",\"status\":\"400\",\"responseTime\":\"204.280\"}","timestamp":"2025-03-30T08:47:37.905Z"}
{"level":"\u001b[32minfo\u001b[39m","message":"{\"method\":\"POST\",\"url\":\"/login\",\"status\":\"400\",\"responseTime\":\"48.714\"}","timestamp":"2025-03-30T08:48:06.002Z"}
{"level":"\u001b[32minfo\u001b[39m","message":"{\"method\":\"POST\",\"url\":\"/login\",\"status\":\"400\",\"responseTime\":\"91.169\"}","timestamp":"2025-03-30T08:48:47.865Z"}
{"level":"\u001b[32minfo\u001b[39m","message":"{\"method\":\"POST\",\"url\":\"/login\",\"status\":\"400\",\"responseTime\":\"172.302\"}","timestamp":"2025-03-30T08:48:56.114Z"}
{"level":"\u001b[32minfo\u001b[39m","message":"{\"method\":\"POST\",\"url\":\"/login\",\"status\":\"400\",\"responseTime\":\"49.675\"}","timestamp":"2025-03-30T08:49:32.251Z"}
{"level":"\u001b[32minfo\u001b[39m","message":"{\"method\":\"POST\",\"url\":\"/login\",\"status\":\"400\",\"responseTime\":\"52.258\"}","timestamp":"2025-03-30T08:50:03.500Z"}
{"level":"\u001b[32minfo\u001b[39m","message":"{\"method\":\"POST\",\"url\":\"/login\",\"status\":\"400\",\"responseTime\":\"53.386\"}","timestamp":"2025-03-30T08:50:20.536Z"}
{"level":"\u001b[32minfo\u001b[39m","message":"{\"method\":\"POST\",\"url\":\"/login\",\"status\":\"400\",\"responseTime\":\"48.625\"}","timestamp":"2025-03-30T08:51:15.865Z"}
{"level":"\u001b[32minfo\u001b[39m","message":"{\"method\":\"POST\",\"url\":\"/login\",\"status\":\"400\",\"responseTime\":\"63.944\"}","timestamp":"2025-03-30T08:51:36.820Z"}
{"level":"\u001b[32minfo\u001b[39m","message":"{\"method\":\"POST\",\"url\":\"/login\",\"status\":\"400\",\"responseTime\":\"46.327\"}","timestamp":"2025-03-30T08:52:10.929Z"}
{"level":"\u001b[32minfo\u001b[39m","message":"{\"method\":\"POST\",\"url\":\"/login\",\"status\":\"400\",\"responseTime\":\"52.094\"}","timestamp":"2025-03-30T08:52:15.578Z"}
{"level":"\u001b[32minfo\u001b[39m","message":"{\"method\":\"POST\",\"url\":\"/login\",\"status\":\"400\",\"responseTime\":\"157.100\"}","timestamp":"2025-03-30T08:52:25.479Z"}
{"level":"\u001b[32minfo\u001b[39m","message":"{\"method\":\"POST\",\"url\":\"/login\",\"status\":\"200\",\"responseTime\":\"196.118\"}","timestamp":"2025-03-30T08:52:29.953Z"}
{"level":"\u001b[32minfo\u001b[39m","message":"{\"method\":\"POST\",\"url\":\"/login\",\"status\":\"200\",\"responseTime\":\"160.205\"}","timestamp":"2025-03-30T08:53:18.117Z"}
{"level":"\u001b[32minfo\u001b[39m","message":"{\"method\":\"POST\",\"url\":\"/login\",\"status\":\"200\",\"responseTime\":\"159.727\"}","timestamp":"2025-03-30T08:53:41.734Z"}
{"level":"\u001b[32minfo\u001b[39m","message":"{\"method\":\"POST\",\"url\":\"/login\",\"status\":\"400\",\"responseTime\":\"197.493\"}","timestamp":"2025-03-30T08:55:46.833Z"}
{"level":"\u001b[32minfo\u001b[39m","message":"{\"method\":\"POST\",\"url\":\"/login\",\"status\":\"200\",\"responseTime\":\"148.408\"}","timestamp":"2025-03-30T08:55:51.461Z"}
{"level":"\u001b[32minfo\u001b[39m","message":"{\"method\":\"POST\",\"url\":\"/login\",\"status\":\"200\",\"responseTime\":\"185.351\"}","timestamp":"2025-03-30T09:40:30.492Z"}
{"level":"\u001b[32minfo\u001b[39m","message":"{\"method\":\"POST\",\"url\":\"/login\",\"status\":\"200\",\"responseTime\":\"151.389\"}","timestamp":"2025-03-30T09:40:56.994Z"}
{"level":"\u001b[32minfo\u001b[39m","message":"{\"method\":\"GET\",\"url\":\"/tasks\",\"status\":\"404\",\"responseTime\":\"1.887\"}","timestamp":"2025-03-30T09:41:09.585Z"}
{"level":"\u001b[32minfo\u001b[39m","message":"{\"method\":\"GET\",\"url\":\"/taskpa\",\"status\":\"500\",\"responseTime\":\"7.100\"}","timestamp":"2025-03-30T09:41:29.232Z"}
{"level":"\u001b[32minfo\u001b[39m","message":"{\"method\":\"GET\",\"url\":\"/taskpa\",\"status\":\"401\",\"responseTime\":\"2.331\"}","timestamp":"2025-03-30T09:46:04.448Z"}
{"level":"\u001b[32minfo\u001b[39m","message":"{\"method\":\"POST\",\"url\":\"/login\",\"status\":\"200\",\"responseTime\":\"186.373\"}","timestamp":"2025-03-30T09:46:31.005Z"}
{"level":"\u001b[32minfo\u001b[39m","message":"{\"method\":\"GET\",\"url\":\"/taskpa\",\"status\":\"401\",\"responseTime\":\"2.010\"}","timestamp":"2025-03-30T09:46:41.961Z"}
{"level":"\u001b[32minfo\u001b[39m","message":"{\"method\":\"POST\",\"url\":\"/login\",\"status\":\"200\",\"responseTime\":\"150.196\"}","timestamp":"2025-03-30T09:49:08.150Z"}
{"level":"\u001b[32minfo\u001b[39m","message":"{\"method\":\"GET\",\"url\":\"/taskpa\",\"status\":\"401\",\"responseTime\":\"0.423\"}","timestamp":"2025-03-30T09:49:39.110Z"}
{"level":"\u001b[32minfo\u001b[39m","message":"{\"method\":\"GET\",\"url\":\"/taskpa\",\"status\":\"401\",\"responseTime\":\"4.210\"}","timestamp":"2025-03-30T09:50:01.432Z"}
{"level":"\u001b[32minfo\u001b[39m","message":"{\"method\":\"GET\",\"url\":\"/taskpa\",\"status\":\"401\",\"responseTime\":\"2.301\"}","timestamp":"2025-03-30T09:56:48.017Z"}
{"level":"\u001b[32minfo\u001b[39m","message":"{\"method\":\"GET\",\"url\":\"/taskpa\",\"status\":\"401\",\"responseTime\":\"1.032\"}","timestamp":"2025-03-30T09:56:54.220Z"}
{"level":"\u001b[32minfo\u001b[39m","message":"{\"method\":\"GET\",\"url\":\"/taskpa\",\"status\":\"401\",\"responseTime\":\"0.464\"}","timestamp":"2025-03-30T09:56:54.792Z"}
{"level":"\u001b[32minfo\u001b[39m","message":"{\"method\":\"GET\",\"url\":\"/taskpa\",\"status\":\"401\",\"responseTime\":\"0.560\"}","timestamp":"2025-03-30T09:56:54.911Z"}
{"level":"\u001b[32minfo\u001b[39m","message":"{\"method\":\"GET\",\"url\":\"/taskpa\",\"status\":\"401\",\"responseTime\":\"0.587\"}","timestamp":"2025-03-30T09:56:55.157Z"}
{"level":"\u001b[32minfo\u001b[39m","message":"{\"method\":\"GET\",\"url\":\"/taskpa\",\"status\":\"401\",\"responseTime\":\"1.152\"}","timestamp":"2025-03-30T09:56:55.620Z"}
{"level":"\u001b[32minfo\u001b[39m","message":"{\"method\":\"POST\",\"url\":\"/login\",\"status\":\"200\",\"responseTime\":\"182.146\"}","timestamp":"2025-03-30T09:57:11.116Z"}
{"level":"\u001b[32minfo\u001b[39m","message":"{\"method\":\"GET\",\"url\":\"/taskpa\",\"status\":\"401\",\"responseTime\":\"0.369\"}","timestamp":"2025-03-30T09:58:35.702Z"}
{"level":"\u001b[32minfo\u001b[39m","message":"{\"method\":\"POST\",\"url\":\"/login\",\"status\":\"200\",\"responseTime\":\"254.725\"}","timestamp":"2025-03-30T12:40:11.315Z"}
{"level":"\u001b[32minfo\u001b[39m","message":"{\"method\":\"GET\",\"url\":\"/taskpa\",\"status\":\"404\",\"responseTime\":\"110.098\"}","timestamp":"2025-03-30T12:40:28.835Z"}
{"level":"\u001b[32minfo\u001b[39m","message":"{\"method\":\"POST\",\"url\":\"/login\",\"status\":\"400\",\"responseTime\":\"251.748\"}","timestamp":"2025-03-30T13:11:45.612Z"}
{"level":"\u001b[32minfo\u001b[39m","message":"{\"method\":\"POST\",\"url\":\"/login\",\"status\":\"200\",\"responseTime\":\"203.916\"}","timestamp":"2025-03-30T13:11:50.259Z"}
{"level":"\u001b[32minfo\u001b[39m","message":"{\"method\":\"POST\",\"url\":\"/login\",\"status\":\"200\",\"responseTime\":\"156.210\"}","timestamp":"2025-03-30T13:13:51.220Z"}
{"level":"\u001b[32minfo\u001b[39m","message":"{\"method\":\"GET\",\"url\":\"/tasks\",\"status\":\"401\",\"responseTime\":\"4.377\"}","timestamp":"2025-03-30T13:18:08.862Z"}
{"level":"\u001b[32minfo\u001b[39m","message":"{\"method\":\"GET\",\"url\":\"/tasks\",\"status\":\"401\",\"responseTime\":\"0.556\"}","timestamp":"2025-03-30T13:18:20.197Z"}
{"level":"\u001b[32minfo\u001b[39m","message":"{\"method\":\"GET\",\"url\":\"/tasks\",\"status\":\"401\",\"responseTime\":\"2.894\"}","timestamp":"2025-03-30T13:18:58.931Z"}
{"level":"\u001b[32minfo\u001b[39m","message":"{\"method\":\"GET\",\"url\":\"/tasks\",\"status\":\"401\",\"responseTime\":\"2.601\"}","timestamp":"2025-03-30T13:19:37.576Z"}
{"level":"\u001b[32minfo\u001b[39m","message":"{\"method\":\"GET\",\"url\":\"/tasks\",\"status\":\"401\",\"responseTime\":\"3.254\"}","timestamp":"2025-03-30T13:22:41.945Z"}
{"level":"\u001b[32minfo\u001b[39m","message":"{\"method\":\"GET\",\"url\":\"/tasks\",\"status\":\"401\",\"responseTime\":\"0.817\"}","timestamp":"2025-03-30T13:26:12.499Z"}
{"level":"\u001b[32minfo\u001b[39m","message":"{\"method\":\"GET\",\"url\":\"/tasks\",\"status\":\"200\",\"responseTime\":\"89.868\"}","timestamp":"2025-03-30T13:27:01.021Z"}
{"level":"\u001b[32minfo\u001b[39m","message":"{\"method\":\"POST\",\"url\":\"/login\",\"status\":\"200\",\"responseTime\":\"182.486\"}","timestamp":"2025-03-30T13:27:48.993Z"}
{"level":"\u001b[32minfo\u001b[39m","message":"{\"method\":\"GET\",\"url\":\"/tasks\",\"status\":\"304\",\"responseTime\":\"60.446\"}","timestamp":"2025-03-30T13:27:49.143Z"}
{"level":"\u001b[32minfo\u001b[39m","message":"{\"method\":\"GET\",\"url\":\"/tasks\",\"status\":\"304\",\"responseTime\":\"57.749\"}","timestamp":"2025-03-30T13:29:39.241Z"}
{"level":"\u001b[32minfo\u001b[39m","message":"{\"method\":\"GET\",\"url\":\"/tasks\",\"status\":\"304\",\"responseTime\":\"50.303\"}","timestamp":"2025-03-30T13:29:46.170Z"}
{"level":"\u001b[32minfo\u001b[39m","message":"{\"method\":\"GET\",\"url\":\"/tasks\",\"status\":\"304\",\"responseTime\":\"55.467\"}","timestamp":"2025-03-30T13:29:54.108Z"}
{"level":"\u001b[32minfo\u001b[39m","message":"{\"method\":\"GET\",\"url\":\"/tasks\",\"status\":\"304\",\"responseTime\":\"67.491\"}","timestamp":"2025-03-30T13:31:32.289Z"}
{"level":"\u001b[32minfo\u001b[39m","message":"{\"method\":\"GET\",\"url\":\"/tasks\",\"status\":\"304\",\"responseTime\":\"79.620\"}","timestamp":"2025-03-30T13:31:33.781Z"}
{"level":"\u001b[32minfo\u001b[39m","message":"{\"method\":\"GET\",\"url\":\"/tasks\",\"status\":\"304\",\"responseTime\":\"101.529\"}","timestamp":"2025-03-30T13:31:34.882Z"}
{"level":"\u001b[32minfo\u001b[39m","message":"{\"method\":\"GET\",\"url\":\"/tasks\",\"status\":\"304\",\"responseTime\":\"62.686\"}","timestamp":"2025-03-30T13:31:35.617Z"}
{"level":"\u001b[32minfo\u001b[39m","message":"{\"method\":\"GET\",\"url\":\"/tasks\",\"status\":\"304\",\"responseTime\":\"64.515\"}","timestamp":"2025-03-30T13:31:41.033Z"}
{"level":"\u001b[32minfo\u001b[39m","message":"{\"method\":\"GET\",\"url\":\"/tasks\",\"status\":\"304\",\"responseTime\":\"53.617\"}","timestamp":"2025-03-30T13:31:42.129Z"}
{"level":"\u001b[32minfo\u001b[39m","message":"{\"method\":\"GET\",\"url\":\"/tasks\",\"status\":\"304\",\"responseTime\":\"65.209\"}","timestamp":"2025-03-30T13:31:46.296Z"}
{"level":"\u001b[32minfo\u001b[39m","message":"{\"method\":\"GET\",\"url\":\"/tasks\",\"status\":\"304\",\"responseTime\":\"59.245\"}","timestamp":"2025-03-30T13:31:46.975Z"}
{"level":"\u001b[32minfo\u001b[39m","message":"{\"method\":\"GET\",\"url\":\"/tasks\",\"status\":\"304\",\"responseTime\":\"57.854\"}","timestamp":"2025-03-30T13:31:50.219Z"}
{"level":"\u001b[32minfo\u001b[39m","message":"{\"method\":\"GET\",\"url\":\"/tasks\",\"status\":\"304\",\"responseTime\":\"68.144\"}","timestamp":"2025-03-30T13:31:51.207Z"}
{"level":"\u001b[32minfo\u001b[39m","message":"{\"method\":\"GET\",\"url\":\"/tasks\",\"status\":\"304\",\"responseTime\":\"54.153\"}","timestamp":"2025-03-30T13:31:59.472Z"}
{"level":"\u001b[32minfo\u001b[39m","message":"{\"method\":\"GET\",\"url\":\"/tasks\",\"status\":\"304\",\"responseTime\":\"67.477\"}","timestamp":"2025-03-30T13:32:03.238Z"}
{"level":"\u001b[32minfo\u001b[39m","message":"{\"method\":\"GET\",\"url\":\"/tasks\",\"status\":\"304\",\"responseTime\":\"54.969\"}","timestamp":"2025-03-30T13:32:04.629Z"}
{"level":"\u001b[32minfo\u001b[39m","message":"{\"method\":\"GET\",\"url\":\"/tasks\",\"status\":\"304\",\"responseTime\":\"66.208\"}","timestamp":"2025-03-30T13:32:05.175Z"}
{"level":"\u001b[32minfo\u001b[39m","message":"{\"method\":\"GET\",\"url\":\"/tasks\",\"status\":\"304\",\"responseTime\":\"56.859\"}","timestamp":"2025-03-30T13:32:05.911Z"}
{"level":"\u001b[32minfo\u001b[39m","message":"{\"method\":\"GET\",\"url\":\"/tasks\",\"status\":\"304\",\"responseTime\":\"125.633\"}","timestamp":"2025-03-30T13:33:33.170Z"}
{"level":"\u001b[32minfo\u001b[39m","message":"{\"method\":\"GET\",\"url\":\"/tasks\",\"status\":\"304\",\"responseTime\":\"51.747\"}","timestamp":"2025-03-30T13:39:11.224Z"}
{"level":"\u001b[32minfo\u001b[39m","message":"{\"method\":\"GET\",\"url\":\"/tasks\",\"status\":\"304\",\"responseTime\":\"72.645\"}","timestamp":"2025-03-30T13:39:44.901Z"}
{"level":"\u001b[32minfo\u001b[39m","message":"{\"method\":\"GET\",\"url\":\"/tasks\",\"status\":\"304\",\"responseTime\":\"48.999\"}","timestamp":"2025-03-30T13:40:32.260Z"}
{"level":"\u001b[32minfo\u001b[39m","message":"{\"method\":\"GET\",\"url\":\"/tasks\",\"status\":\"304\",\"responseTime\":\"53.508\"}","timestamp":"2025-03-30T13:41:00.314Z"}
{"level":"\u001b[32minfo\u001b[39m","message":"{\"method\":\"GET\",\"url\":\"/tasks\",\"status\":\"304\",\"responseTime\":\"49.371\"}","timestamp":"2025-03-30T13:41:30.644Z"}
{"level":"\u001b[32minfo\u001b[39m","message":"{\"method\":\"GET\",\"url\":\"/tasks\",\"status\":\"304\",\"responseTime\":\"54.224\"}","timestamp":"2025-03-30T13:42:50.714Z"}
{"level":"\u001b[32minfo\u001b[39m","message":"{\"method\":\"GET\",\"url\":\"/tasks\",\"status\":\"304\",\"responseTime\":\"55.471\"}","timestamp":"2025-03-30T13:48:55.662Z"}
{"level":"\u001b[32minfo\u001b[39m","message":"{\"method\":\"GET\",\"url\":\"/tasks\",\"status\":\"304\",\"responseTime\":\"88.665\"}","timestamp":"2025-03-30T13:48:58.136Z"}
{"level":"\u001b[32minfo\u001b[39m","message":"{\"method\":\"GET\",\"url\":\"/tasks\",\"status\":\"304\",\"responseTime\":\"78.625\"}","timestamp":"2025-03-30T13:48:58.785Z"}
{"level":"\u001b[32minfo\u001b[39m","message":"{\"method\":\"GET\",\"url\":\"/tasks\",\"status\":\"304\",\"responseTime\":\"54.006\"}","timestamp":"2025-03-30T13:48:59.841Z"}
{"level":"\u001b[32minfo\u001b[39m","message":"{\"method\":\"GET\",\"url\":\"/tasks\",\"status\":\"304\",\"responseTime\":\"53.482\"}","timestamp":"2025-03-30T13:51:19.783Z"}
{"level":"\u001b[32minfo\u001b[39m","message":"{\"method\":\"GET\",\"url\":\"/tasks\",\"status\":\"304\",\"responseTime\":\"68.079\"}","timestamp":"2025-03-30T13:51:34.731Z"}
{"level":"\u001b[32minfo\u001b[39m","message":"{\"method\":\"GET\",\"url\":\"/tasks\",\"status\":\"304\",\"responseTime\":\"70.186\"}","timestamp":"2025-03-30T13:51:36.263Z"}
{"level":"\u001b[32minfo\u001b[39m","message":"{\"method\":\"GET\",\"url\":\"/tasks\",\"status\":\"304\",\"responseTime\":\"163.078\"}","timestamp":"2025-03-30T13:51:57.054Z"}
{"level":"\u001b[32minfo\u001b[39m","message":"{\"method\":\"GET\",\"url\":\"/tasks\",\"status\":\"304\",\"responseTime\":\"56.553\"}","timestamp":"2025-03-30T13:56:30.356Z"}
{"level":"\u001b[32minfo\u001b[39m","message":"{\"method\":\"GET\",\"url\":\"/tasks\",\"status\":\"304\",\"responseTime\":\"51.947\"}","timestamp":"2025-03-30T13:57:57.455Z"}
{"level":"\u001b[32minfo\u001b[39m","message":"{\"method\":\"GET\",\"url\":\"/tasks\",\"status\":\"304\",\"responseTime\":\"52.427\"}","timestamp":"2025-03-30T13:58:00.789Z"}
{"level":"\u001b[32minfo\u001b[39m","message":"{\"method\":\"GET\",\"url\":\"/tasks\",\"status\":\"304\",\"responseTime\":\"57.978\"}","timestamp":"2025-03-30T13:59:17.364Z"}
{"level":"\u001b[32minfo\u001b[39m","message":"{\"method\":\"GET\",\"url\":\"/tasks\",\"status\":\"304\",\"responseTime\":\"57.463\"}","timestamp":"2025-03-30T13:59:27.970Z"}
{"level":"\u001b[32minfo\u001b[39m","message":"{\"method\":\"GET\",\"url\":\"/tasks\",\"status\":\"304\",\"responseTime\":\"56.757\"}","timestamp":"2025-03-30T13:59:30.037Z"}
{"level":"\u001b[32minfo\u001b[39m","message":"{\"method\":\"GET\",\"url\":\"/tasks\",\"status\":\"304\",\"responseTime\":\"60.927\"}","timestamp":"2025-03-30T13:59:36.170Z"}
{"level":"\u001b[32minfo\u001b[39m","message":"{\"method\":\"POST\",\"url\":\"/login\",\"status\":\"200\",\"responseTime\":\"184.078\"}","timestamp":"2025-03-30T14:00:09.035Z"}
{"level":"\u001b[32minfo\u001b[39m","message":"{\"method\":\"GET\",\"url\":\"/tasks\",\"status\":\"304\",\"responseTime\":\"77.279\"}","timestamp":"2025-03-30T14:00:09.195Z"}
{"level":"\u001b[32minfo\u001b[39m","message":"{\"method\":\"GET\",\"url\":\"/tasks\",\"status\":\"304\",\"responseTime\":\"67.986\"}","timestamp":"2025-03-30T14:04:00.418Z"}
{"level":"\u001b[32minfo\u001b[39m","message":"{\"method\":\"GET\",\"url\":\"/tasks\",\"status\":\"304\",\"responseTime\":\"53.455\"}","timestamp":"2025-03-30T14:04:11.885Z"}
{"level":"\u001b[32minfo\u001b[39m","message":"{\"method\":\"GET\",\"url\":\"/tasks\",\"status\":\"304\",\"responseTime\":\"57.168\"}","timestamp":"2025-03-30T14:04:14.029Z"}
{"level":"\u001b[32minfo\u001b[39m","message":"{\"method\":\"GET\",\"url\":\"/tasks\",\"status\":\"304\",\"responseTime\":\"66.158\"}","timestamp":"2025-03-30T14:04:48.462Z"}
{"level":"\u001b[32minfo\u001b[39m","message":"{\"method\":\"GET\",\"url\":\"/tasks\",\"status\":\"304\",\"responseTime\":\"92.437\"}","timestamp":"2025-03-30T14:04:51.592Z"}
{"level":"\u001b[32minfo\u001b[39m","message":"{\"method\":\"GET\",\"url\":\"/tasks\",\"status\":\"304\",\"responseTime\":\"72.708\"}","timestamp":"2025-03-30T14:04:52.791Z"}
{"level":"\u001b[32minfo\u001b[39m","message":"{\"method\":\"GET\",\"url\":\"/tasks\",\"status\":\"304\",\"responseTime\":\"63.309\"}","timestamp":"2025-03-30T14:04:53.850Z"}
{"level":"\u001b[32minfo\u001b[39m","message":"{\"method\":\"GET\",\"url\":\"/tasks\",\"status\":\"304\",\"responseTime\":\"70.386\"}","timestamp":"2025-03-30T14:04:54.882Z"}
{"level":"\u001b[32minfo\u001b[39m","message":"{\"method\":\"GET\",\"url\":\"/tasks\",\"status\":\"304\",\"responseTime\":\"63.830\"}","timestamp":"2025-03-30T14:04:58.955Z"}
{"level":"\u001b[32minfo\u001b[39m","message":"{\"method\":\"GET\",\"url\":\"/tasks\",\"status\":\"304\",\"responseTime\":\"55.983\"}","timestamp":"2025-03-30T14:06:15.177Z"}
{"level":"\u001b[32minfo\u001b[39m","message":"{\"method\":\"GET\",\"url\":\"/tasks\",\"status\":\"304\",\"responseTime\":\"61.392\"}","timestamp":"2025-03-30T14:06:38.032Z"}
{"level":"\u001b[32minfo\u001b[39m","message":"{\"method\":\"GET\",\"url\":\"/tasks\",\"status\":\"304\",\"responseTime\":\"57.696\"}","timestamp":"2025-03-30T14:06:40.968Z"}
{"level":"\u001b[32minfo\u001b[39m","message":"{\"method\":\"GET\",\"url\":\"/tasks\",\"status\":\"304\",\"responseTime\":\"55.073\"}","timestamp":"2025-03-30T14:06:43.060Z"}
{"level":"\u001b[32minfo\u001b[39m","message":"{\"method\":\"GET\",\"url\":\"/tasks\",\"status\":\"304\",\"responseTime\":\"51.406\"}","timestamp":"2025-03-30T14:06:44.049Z"}
{"level":"\u001b[32minfo\u001b[39m","message":"{\"method\":\"GET\",\"url\":\"/tasks\",\"status\":\"304\",\"responseTime\":\"70.334\"}","timestamp":"2025-03-30T14:07:01.416Z"}
{"level":"\u001b[32minfo\u001b[39m","message":"{\"method\":\"GET\",\"url\":\"/tasks\",\"status\":\"304\",\"responseTime\":\"62.929\"}","timestamp":"2025-03-30T14:07:04.352Z"}
{"level":"\u001b[32minfo\u001b[39m","message":"{\"method\":\"GET\",\"url\":\"/tasks\",\"status\":\"304\",\"responseTime\":\"62.285\"}","timestamp":"2025-03-30T14:07:34.474Z"}
{"level":"\u001b[32minfo\u001b[39m","message":"{\"method\":\"GET\",\"url\":\"/tasks\",\"status\":\"304\",\"responseTime\":\"80.018\"}","timestamp":"2025-03-30T14:07:35.450Z"}
{"level":"\u001b[32minfo\u001b[39m","message":"{\"method\":\"GET\",\"url\":\"/tasks\",\"status\":\"304\",\"responseTime\":\"65.931\"}","timestamp":"2025-03-30T14:07:36.192Z"}
{"level":"\u001b[32minfo\u001b[39m","message":"{\"method\":\"GET\",\"url\":\"/tasks\",\"status\":\"304\",\"responseTime\":\"59.040\"}","timestamp":"2025-03-30T14:07:38.793Z"}
{"level":"\u001b[32minfo\u001b[39m","message":"{\"method\":\"GET\",\"url\":\"/tasks\",\"status\":\"304\",\"responseTime\":\"59.621\"}","timestamp":"2025-03-30T14:07:42.138Z"}
{"level":"\u001b[32minfo\u001b[39m","message":"{\"method\":\"GET\",\"url\":\"/tasks\",\"status\":\"304\",\"responseTime\":\"69.443\"}","timestamp":"2025-03-30T14:07:44.583Z"}
{"level":"\u001b[32minfo\u001b[39m","message":"{\"method\":\"POST\",\"url\":\"/login\",\"status\":\"200\",\"responseTime\":\"151.694\"}","timestamp":"2025-03-30T14:35:35.501Z"}
{"level":"\u001b[32minfo\u001b[39m","message":"{\"method\":\"GET\",\"url\":\"/tasks\",\"status\":\"304\",\"responseTime\":\"76.597\"}","timestamp":"2025-03-30T14:35:35.708Z"}
{"level":"\u001b[32minfo\u001b[39m","message":"{\"method\":\"GET\",\"url\":\"/tasks\",\"status\":\"304\",\"responseTime\":\"208.566\"}","timestamp":"2025-03-30T14:35:49.436Z"}
{"level":"\u001b[32minfo\u001b[39m","message":"{\"method\":\"GET\",\"url\":\"/tasks\",\"status\":\"304\",\"responseTime\":\"67.505\"}","timestamp":"2025-03-30T14:35:51.452Z"}
{"level":"\u001b[32minfo\u001b[39m","message":"{\"method\":\"GET\",\"url\":\"/tasks\",\"status\":\"304\",\"responseTime\":\"73.083\"}","timestamp":"2025-03-30T14:36:02.415Z"}
{"level":"\u001b[32minfo\u001b[39m","message":"{\"method\":\"GET\",\"url\":\"/tasks\",\"status\":\"304\",\"responseTime\":\"65.808\"}","timestamp":"2025-03-30T14:36:16.033Z"}
{"level":"\u001b[32minfo\u001b[39m","message":"{\"method\":\"GET\",\"url\":\"/tasks\",\"status\":\"304\",\"responseTime\":\"60.245\"}","timestamp":"2025-03-30T14:36:17.429Z"}
{"level":"\u001b[32minfo\u001b[39m","message":"{\"method\":\"GET\",\"url\":\"/tasks\",\"status\":\"304\",\"responseTime\":\"62.561\"}","timestamp":"2025-03-30T14:36:18.780Z"}
{"level":"\u001b[32minfo\u001b[39m","message":"{\"method\":\"GET\",\"url\":\"/tasks\",\"status\":\"304\",\"responseTime\":\"72.602\"}","timestamp":"2025-03-30T14:36:30.324Z"}
{"level":"\u001b[32minfo\u001b[39m","message":"{\"method\":\"GET\",\"url\":\"/tasks\",\"status\":\"304\",\"responseTime\":\"52.270\"}","timestamp":"2025-03-30T14:47:47.531Z"}
{"level":"\u001b[32minfo\u001b[39m","message":"{\"method\":\"GET\",\"url\":\"/tasks\",\"status\":\"304\",\"responseTime\":\"55.787\"}","timestamp":"2025-03-30T14:48:46.668Z"}
{"level":"\u001b[32minfo\u001b[39m","message":"{\"method\":\"GET\",\"url\":\"/tasks\",\"status\":\"304\",\"responseTime\":\"68.582\"}","timestamp":"2025-03-30T14:48:47.868Z"}
{"level":"\u001b[32minfo\u001b[39m","message":"{\"method\":\"GET\",\"url\":\"/tasks\",\"status\":\"304\",\"responseTime\":\"65.335\"}","timestamp":"2025-03-30T14:50:12.177Z"}
{"level":"\u001b[32minfo\u001b[39m","message":"{\"method\":\"GET\",\"url\":\"/tasks\",\"status\":\"304\",\"responseTime\":\"45.653\"}","timestamp":"2025-03-30T14:52:49.553Z"}
{"level":"\u001b[32minfo\u001b[39m","message":"{\"method\":\"GET\",\"url\":\"/tasks\",\"status\":\"304\",\"responseTime\":\"203.477\"}","timestamp":"2025-03-30T14:53:17.279Z"}
{"level":"\u001b[32minfo\u001b[39m","message":"{\"method\":\"GET\",\"url\":\"/tasks\",\"status\":\"304\",\"responseTime\":\"45.201\"}","timestamp":"2025-03-30T14:53:24.115Z"}
{"level":"\u001b[32minfo\u001b[39m","message":"{\"method\":\"GET\",\"url\":\"/tasks\",\"status\":\"304\",\"responseTime\":\"46.098\"}","timestamp":"2025-03-30T14:53:38.158Z"}
{"level":"\u001b[32minfo\u001b[39m","message":"{\"method\":\"GET\",\"url\":\"/tasks\",\"status\":\"304\",\"responseTime\":\"47.784\"}","timestamp":"2025-03-30T14:53:45.370Z"}
{"level":"\u001b[32minfo\u001b[39m","message":"{\"method\":\"GET\",\"url\":\"/tasks\",\"status\":\"304\",\"responseTime\":\"56.796\"}","timestamp":"2025-03-30T14:53:49.050Z"}
{"level":"\u001b[32minfo\u001b[39m","message":"{\"method\":\"GET\",\"url\":\"/tasks\",\"status\":\"304\",\"responseTime\":\"59.790\"}","timestamp":"2025-03-30T14:53:51.087Z"}
{"level":"\u001b[32minfo\u001b[39m","message":"{\"method\":\"GET\",\"url\":\"/tasks\",\"status\":\"304\",\"responseTime\":\"45.130\"}","timestamp":"2025-03-30T14:53:56.470Z"}
{"level":"\u001b[32minfo\u001b[39m","message":"{\"method\":\"GET\",\"url\":\"/tasks\",\"status\":\"304\",\"responseTime\":\"44.727\"}","timestamp":"2025-03-30T14:53:57.417Z"}
{"level":"\u001b[32minfo\u001b[39m","message":"{\"method\":\"GET\",\"url\":\"/tasks\",\"status\":\"304\",\"responseTime\":\"48.480\"}","timestamp":"2025-03-30T14:54:01.820Z"}
{"level":"\u001b[32minfo\u001b[39m","message":"{\"method\":\"GET\",\"url\":\"/tasks\",\"status\":\"304\",\"responseTime\":\"44.512\"}","timestamp":"2025-03-30T14:54:02.564Z"}
{"level":"\u001b[32minfo\u001b[39m","message":"{\"method\":\"GET\",\"url\":\"/tasks\",\"status\":\"304\",\"responseTime\":\"43.969\"}","timestamp":"2025-03-30T14:54:03.977Z"}
{"level":"\u001b[32minfo\u001b[39m","message":"{\"method\":\"GET\",\"url\":\"/tasks\",\"status\":\"304\",\"responseTime\":\"54.964\"}","timestamp":"2025-03-30T14:54:07.734Z"}
{"level":"\u001b[32minfo\u001b[39m","message":"{\"method\":\"GET\",\"url\":\"/tasks\",\"status\":\"304\",\"responseTime\":\"46.170\"}","timestamp":"2025-03-30T14:54:10.378Z"}
{"level":"\u001b[32minfo\u001b[39m","message":"{\"method\":\"GET\",\"url\":\"/tasks\",\"status\":\"304\",\"responseTime\":\"45.785\"}","timestamp":"2025-03-30T14:54:13.282Z"}
{"level":"\u001b[32minfo\u001b[39m","message":"{\"method\":\"GET\",\"url\":\"/tasks\",\"status\":\"304\",\"responseTime\":\"47.224\"}","timestamp":"2025-03-30T14:54:14.204Z"}
{"level":"\u001b[32minfo\u001b[39m","message":"{\"method\":\"GET\",\"url\":\"/tasks\",\"status\":\"304\",\"responseTime\":\"45.043\"}","timestamp":"2025-03-30T14:54:16.277Z"}
{"level":"\u001b[32minfo\u001b[39m","message":"{\"method\":\"GET\",\"url\":\"/tasks\",\"status\":\"304\",\"responseTime\":\"61.496\"}","timestamp":"2025-03-30T14:54:17.277Z"}
{"level":"\u001b[32minfo\u001b[39m","message":"{\"method\":\"GET\",\"url\":\"/tasks\",\"status\":\"304\",\"responseTime\":\"44.908\"}","timestamp":"2025-03-30T14:54:19.172Z"}
{"level":"\u001b[32minfo\u001b[39m","message":"{\"method\":\"GET\",\"url\":\"/tasks\",\"status\":\"304\",\"responseTime\":\"48.449\"}","timestamp":"2025-03-30T14:54:21.375Z"}
{"level":"\u001b[32minfo\u001b[39m","message":"{\"method\":\"GET\",\"url\":\"/tasks\",\"status\":\"304\",\"responseTime\":\"46.775\"}","timestamp":"2025-03-30T14:54:23.540Z"}
{"level":"\u001b[32minfo\u001b[39m","message":"{\"method\":\"GET\",\"url\":\"/tasks\",\"status\":\"304\",\"responseTime\":\"49.429\"}","timestamp":"2025-03-30T14:54:24.527Z"}
{"level":"\u001b[32minfo\u001b[39m","message":"{\"method\":\"GET\",\"url\":\"/tasks\",\"status\":\"304\",\"responseTime\":\"57.412\"}","timestamp":"2025-03-30T14:54:26.627Z"}
{"level":"\u001b[32minfo\u001b[39m","message":"{\"method\":\"GET\",\"url\":\"/tasks\",\"status\":\"304\",\"responseTime\":\"48.674\"}","timestamp":"2025-03-30T14:54:28.215Z"}
{"level":"\u001b[32minfo\u001b[39m","message":"{\"method\":\"GET\",\"url\":\"/tasks\",\"status\":\"304\",\"responseTime\":\"46.769\"}","timestamp":"2025-03-30T14:54:28.555Z"}
{"level":"\u001b[32minfo\u001b[39m","message":"{\"method\":\"GET\",\"url\":\"/tasks\",\"status\":\"304\",\"responseTime\":\"49.369\"}","timestamp":"2025-03-30T14:56:21.225Z"}
{"level":"\u001b[32minfo\u001b[39m","message":"{\"method\":\"GET\",\"url\":\"/tasks\",\"status\":\"304\",\"responseTime\":\"64.676\"}","timestamp":"2025-03-30T14:56:50.307Z"}
{"level":"\u001b[32minfo\u001b[39m","message":"{\"method\":\"GET\",\"url\":\"/tasks\",\"status\":\"304\",\"responseTime\":\"64.917\"}","timestamp":"2025-03-30T14:57:01.104Z"}
{"level":"\u001b[32minfo\u001b[39m","message":"{\"method\":\"GET\",\"url\":\"/tasks\",\"status\":\"304\",\"responseTime\":\"72.620\"}","timestamp":"2025-03-30T14:57:01.912Z"}
{"level":"\u001b[32minfo\u001b[39m","message":"{\"method\":\"GET\",\"url\":\"/tasks\",\"status\":\"304\",\"responseTime\":\"122.741\"}","timestamp":"2025-03-30T14:57:03.618Z"}
{"level":"\u001b[32minfo\u001b[39m","message":"{\"method\":\"GET\",\"url\":\"/tasks\",\"status\":\"304\",\"responseTime\":\"66.425\"}","timestamp":"2025-03-30T14:57:04.478Z"}
{"level":"\u001b[32minfo\u001b[39m","message":"{\"method\":\"GET\",\"url\":\"/tasks\",\"status\":\"304\",\"responseTime\":\"70.722\"}","timestamp":"2025-03-30T14:57:08.426Z"}
{"level":"\u001b[32minfo\u001b[39m","message":"{\"method\":\"GET\",\"url\":\"/tasks\",\"status\":\"304\",\"responseTime\":\"69.558\"}","timestamp":"2025-03-30T14:57:09.883Z"}
{"level":"\u001b[32minfo\u001b[39m","message":"{\"method\":\"GET\",\"url\":\"/tasks\",\"status\":\"304\",\"responseTime\":\"114.858\"}","timestamp":"2025-03-30T14:57:10.776Z"}
{"level":"\u001b[32minfo\u001b[39m","message":"{\"method\":\"GET\",\"url\":\"/tasks\",\"status\":\"304\",\"responseTime\":\"106.350\"}","timestamp":"2025-03-30T14:57:14.334Z"}
{"level":"\u001b[32minfo\u001b[39m","message":"{\"method\":\"GET\",\"url\":\"/tasks\",\"status\":\"304\",\"responseTime\":\"56.613\"}","timestamp":"2025-03-30T14:57:15.274Z"}
{"level":"\u001b[32minfo\u001b[39m","message":"{\"method\":\"GET\",\"url\":\"/tasks\",\"status\":\"304\",\"responseTime\":\"95.536\"}","timestamp":"2025-03-30T14:57:17.378Z"}
{"level":"\u001b[32minfo\u001b[39m","message":"{\"method\":\"GET\",\"url\":\"/tasks\",\"status\":\"304\",\"responseTime\":\"268.601\"}","timestamp":"2025-03-30T14:57:22.181Z"}
{"level":"\u001b[32minfo\u001b[39m","message":"{\"method\":\"GET\",\"url\":\"/tasks\",\"status\":\"304\",\"responseTime\":\"85.315\"}","timestamp":"2025-03-30T14:57:23.572Z"}
{"level":"\u001b[32minfo\u001b[39m","message":"{\"method\":\"GET\",\"url\":\"/tasks\",\"status\":\"304\",\"responseTime\":\"70.357\"}","timestamp":"2025-03-30T14:57:24.910Z"}
{"level":"\u001b[32minfo\u001b[39m","message":"{\"method\":\"GET\",\"url\":\"/tasks\",\"status\":\"304\",\"responseTime\":\"62.648\"}","timestamp":"2025-03-30T14:57:26.483Z"}
{"level":"\u001b[32minfo\u001b[39m","message":"{\"method\":\"GET\",\"url\":\"/tasks\",\"status\":\"304\",\"responseTime\":\"55.174\"}","timestamp":"2025-03-30T14:57:27.978Z"}
{"level":"\u001b[32minfo\u001b[39m","message":"{\"method\":\"GET\",\"url\":\"/tasks\",\"status\":\"304\",\"responseTime\":\"66.287\"}","timestamp":"2025-03-30T14:57:28.811Z"}
{"level":"\u001b[32minfo\u001b[39m","message":"{\"method\":\"GET\",\"url\":\"/tasks\",\"status\":\"304\",\"responseTime\":\"89.087\"}","timestamp":"2025-03-30T14:57:38.110Z"}
{"level":"\u001b[32minfo\u001b[39m","message":"{\"method\":\"GET\",\"url\":\"/tasks\",\"status\":\"304\",\"responseTime\":\"98.483\"}","timestamp":"2025-03-30T14:58:02.759Z"}
{"level":"\u001b[32minfo\u001b[39m","message":"{\"method\":\"GET\",\"url\":\"/tasks\",\"status\":\"304\",\"responseTime\":\"76.681\"}","timestamp":"2025-03-30T14:58:15.252Z"}
{"level":"\u001b[32minfo\u001b[39m","message":"{\"method\":\"GET\",\"url\":\"/tasks\",\"status\":\"304\",\"responseTime\":\"85.788\"}","timestamp":"2025-03-30T14:58:16.548Z"}
{"level":"\u001b[32minfo\u001b[39m","message":"{\"method\":\"GET\",\"url\":\"/tasks\",\"status\":\"304\",\"responseTime\":\"60.624\"}","timestamp":"2025-03-30T14:58:20.524Z"}
{"level":"\u001b[32minfo\u001b[39m","message":"{\"method\":\"GET\",\"url\":\"/tasks\",\"status\":\"304\",\"responseTime\":\"69.951\"}","timestamp":"2025-03-30T14:58:21.772Z"}
{"level":"\u001b[32minfo\u001b[39m","message":"{\"method\":\"GET\",\"url\":\"/tasks\",\"status\":\"304\",\"responseTime\":\"62.018\"}","timestamp":"2025-03-30T14:58:24.718Z"}
{"level":"\u001b[32minfo\u001b[39m","message":"{\"method\":\"GET\",\"url\":\"/tasks\",\"status\":\"304\",\"responseTime\":\"56.152\"}","timestamp":"2025-03-30T14:58:26.563Z"}
{"level":"\u001b[32minfo\u001b[39m","message":"{\"method\":\"GET\",\"url\":\"/tasks\",\"status\":\"304\",\"responseTime\":\"58.173\"}","timestamp":"2025-03-30T14:58:51.523Z"}
{"level":"\u001b[32minfo\u001b[39m","message":"{\"method\":\"GET\",\"url\":\"/tasks\",\"status\":\"304\",\"responseTime\":\"55.960\"}","timestamp":"2025-03-30T14:59:12.443Z"}
{"level":"\u001b[32minfo\u001b[39m","message":"{\"method\":\"GET\",\"url\":\"/tasks\",\"status\":\"304\",\"responseTime\":\"118.471\"}","timestamp":"2025-03-30T15:22:11.249Z"}
{"level":"\u001b[32minfo\u001b[39m","message":"{\"method\":\"GET\",\"url\":\"/tasks\",\"status\":\"304\",\"responseTime\":\"144.678\"}","timestamp":"2025-03-30T15:29:15.532Z"}
{"level":"\u001b[32minfo\u001b[39m","message":"{\"method\":\"POST\",\"url\":\"/login\",\"status\":\"200\",\"responseTime\":\"200.938\"}","timestamp":"2025-03-30T15:38:26.573Z"}
{"level":"\u001b[32minfo\u001b[39m","message":"{\"method\":\"GET\",\"url\":\"/tasks\",\"status\":\"304\",\"responseTime\":\"86.134\"}","timestamp":"2025-03-30T15:38:26.734Z"}
{"level":"\u001b[32minfo\u001b[39m","message":"{\"method\":\"GET\",\"url\":\"/tasks\",\"status\":\"304\",\"responseTime\":\"127.603\"}","timestamp":"2025-03-30T15:41:48.820Z"}
{"level":"\u001b[32minfo\u001b[39m","message":"{\"method\":\"GET\",\"url\":\"/tasks\",\"status\":\"304\",\"responseTime\":\"64.589\"}","timestamp":"2025-03-30T15:41:54.965Z"}
{"level":"\u001b[32minfo\u001b[39m","message":"{\"method\":\"GET\",\"url\":\"/tasks\",\"status\":\"304\",\"responseTime\":\"82.734\"}","timestamp":"2025-03-30T15:41:56.740Z"}
{"level":"\u001b[32minfo\u001b[39m","message":"{\"method\":\"GET\",\"url\":\"/tasks\",\"status\":\"304\",\"responseTime\":\"275.264\"}","timestamp":"2025-03-30T15:42:33.635Z"}
{"level":"\u001b[32minfo\u001b[39m","message":"{\"method\":\"GET\",\"url\":\"/tasks\",\"status\":\"304\",\"responseTime\":\"67.250\"}","timestamp":"2025-03-30T15:42:50.551Z"}
{"level":"\u001b[32minfo\u001b[39m","message":"{\"method\":\"GET\",\"url\":\"/tasks\",\"status\":\"304\",\"responseTime\":\"66.675\"}","timestamp":"2025-03-30T15:42:51.693Z"}
{"level":"\u001b[32minfo\u001b[39m","message":"{\"method\":\"GET\",\"url\":\"/tasks\",\"status\":\"304\",\"responseTime\":\"62.059\"}","timestamp":"2025-03-30T15:43:21.831Z"}
{"level":"\u001b[32minfo\u001b[39m","message":"{\"method\":\"GET\",\"url\":\"/tasks\",\"status\":\"304\",\"responseTime\":\"59.236\"}","timestamp":"2025-03-30T15:43:30.625Z"}
{"level":"\u001b[32minfo\u001b[39m","message":"{\"method\":\"GET\",\"url\":\"/tasks\",\"status\":\"304\",\"responseTime\":\"66.921\"}","timestamp":"2025-03-30T15:43:36.859Z"}
{"level":"\u001b[32minfo\u001b[39m","message":"{\"method\":\"GET\",\"url\":\"/tasks\",\"status\":\"304\",\"responseTime\":\"78.162\"}","timestamp":"2025-03-30T15:43:39.457Z"}
{"level":"\u001b[32minfo\u001b[39m","message":"{\"method\":\"GET\",\"url\":\"/tasks\",\"status\":\"304\",\"responseTime\":\"79.021\"}","timestamp":"2025-03-30T15:43:40.906Z"}
{"level":"\u001b[32minfo\u001b[39m","message":"{\"method\":\"GET\",\"url\":\"/tasks\",\"status\":\"304\",\"responseTime\":\"76.945\"}","timestamp":"2025-03-30T15:43:44.236Z"}
{"level":"\u001b[32minfo\u001b[39m","message":"{\"method\":\"GET\",\"url\":\"/tasks\",\"status\":\"304\",\"responseTime\":\"85.756\"}","timestamp":"2025-03-30T15:43:46.505Z"}
{"level":"\u001b[32minfo\u001b[39m","message":"{\"method\":\"GET\",\"url\":\"/tasks\",\"status\":\"304\",\"responseTime\":\"82.489\"}","timestamp":"2025-03-30T15:43:47.255Z"}
{"level":"\u001b[32minfo\u001b[39m","message":"{\"method\":\"GET\",\"url\":\"/tasks\",\"status\":\"304\",\"responseTime\":\"180.873\"}","timestamp":"2025-03-30T15:43:48.670Z"}
{"level":"\u001b[32minfo\u001b[39m","message":"{\"method\":\"GET\",\"url\":\"/tasks\",\"status\":\"304\",\"responseTime\":\"55.827\"}","timestamp":"2025-03-30T15:43:50.166Z"}
{"level":"\u001b[32minfo\u001b[39m","message":"{\"method\":\"POST\",\"url\":\"/addtask\",\"status\":\"-\",\"responseTime\":\"-\"}","timestamp":"2025-03-30T15:45:26.829Z"}
{"level":"\u001b[32minfo\u001b[39m","message":"{\"method\":\"GET\",\"url\":\"/tasks\",\"status\":\"304\",\"responseTime\":\"58.712\"}","timestamp":"2025-03-30T15:45:28.489Z"}
{"level":"\u001b[32minfo\u001b[39m","message":"{\"method\":\"POST\",\"url\":\"/addtask\",\"status\":\"-\",\"responseTime\":\"-\"}","timestamp":"2025-03-30T15:45:54.248Z"}
{"level":"\u001b[32minfo\u001b[39m","message":"{\"method\":\"GET\",\"url\":\"/tasks\",\"status\":\"304\",\"responseTime\":\"72.410\"}","timestamp":"2025-03-30T15:45:55.062Z"}
{"level":"\u001b[32minfo\u001b[39m","message":"{\"method\":\"GET\",\"url\":\"/tasks\",\"status\":\"304\",\"responseTime\":\"130.720\"}","timestamp":"2025-03-30T15:46:12.638Z"}
{"level":"\u001b[32minfo\u001b[39m","message":"{\"method\":\"GET\",\"url\":\"/tasks\",\"status\":\"304\",\"responseTime\":\"64.139\"}","timestamp":"2025-03-30T15:46:35.719Z"}
{"level":"\u001b[32minfo\u001b[39m","message":"{\"method\":\"GET\",\"url\":\"/tasks\",\"status\":\"304\",\"responseTime\":\"65.062\"}","timestamp":"2025-03-30T15:47:28.172Z"}
{"level":"\u001b[32minfo\u001b[39m","message":"{\"method\":\"GET\",\"url\":\"/tasks\",\"status\":\"304\",\"responseTime\":\"105.816\"}","timestamp":"2025-03-30T16:04:47.154Z"}
{"level":"\u001b[32minfo\u001b[39m","message":"{\"method\":\"POST\",\"url\":\"/addtask\",\"status\":\"200\",\"responseTime\":\"191.607\"}","timestamp":"2025-03-30T16:04:52.206Z"}
{"level":"\u001b[32minfo\u001b[39m","message":"{\"method\":\"POST\",\"url\":\"/addtask\",\"status\":\"200\",\"responseTime\":\"204.745\"}","timestamp":"2025-03-30T16:05:10.235Z"}
{"level":"\u001b[32minfo\u001b[39m","message":"{\"method\":\"POST\",\"url\":\"/addtask\",\"status\":\"200\",\"responseTime\":\"184.956\"}","timestamp":"2025-03-30T16:17:58.216Z"}
{"level":"\u001b[32minfo\u001b[39m","message":"{\"method\":\"POST\",\"url\":\"/addtask\",\"status\":\"200\",\"responseTime\":\"170.632\"}","timestamp":"2025-03-30T16:19:28.708Z"}
{"level":"\u001b[32minfo\u001b[39m","message":"{\"method\":\"POST\",\"url\":\"/addtask\",\"status\":\"400\",\"responseTime\":\"142.109\"}","timestamp":"2025-03-30T16:21:21.078Z"}
{"level":"\u001b[32minfo\u001b[39m","message":"{\"method\":\"POST\",\"url\":\"/addtask\",\"status\":\"400\",\"responseTime\":\"99.442\"}","timestamp":"2025-03-30T16:22:03.988Z"}
{"level":"\u001b[32minfo\u001b[39m","message":"{\"method\":\"POST\",\"url\":\"/addtask\",\"status\":\"200\",\"responseTime\":\"299.468\"}","timestamp":"2025-03-30T16:24:43.583Z"}
{"level":"\u001b[32minfo\u001b[39m","message":"{\"method\":\"POST\",\"url\":\"/addtask\",\"status\":\"400\",\"responseTime\":\"82.816\"}","timestamp":"2025-03-30T16:24:48.546Z"}
{"level":"\u001b[32minfo\u001b[39m","message":"{\"method\":\"POST\",\"url\":\"/addtask\",\"status\":\"200\",\"responseTime\":\"239.099\"}","timestamp":"2025-03-30T16:25:14.270Z"}
{"level":"\u001b[32minfo\u001b[39m","message":"{\"method\":\"GET\",\"url\":\"/tasks\",\"status\":\"304\",\"responseTime\":\"64.771\"}","timestamp":"2025-03-30T16:27:25.228Z"}
{"level":"\u001b[32minfo\u001b[39m","message":"{\"method\":\"GET\",\"url\":\"/tasks\",\"status\":\"304\",\"responseTime\":\"66.214\"}","timestamp":"2025-03-30T16:27:25.854Z"}
{"level":"\u001b[32minfo\u001b[39m","message":"{\"method\":\"GET\",\"url\":\"/tasks\",\"status\":\"304\",\"responseTime\":\"254.576\"}","timestamp":"2025-03-30T16:34:56.021Z"}
{"level":"\u001b[32minfo\u001b[39m","message":"{\"method\":\"GET\",\"url\":\"/tasks\",\"status\":\"304\",\"responseTime\":\"172.848\"}","timestamp":"2025-03-30T16:37:19.384Z"}
{"level":"\u001b[32minfo\u001b[39m","message":"{\"method\":\"GET\",\"url\":\"/tasks\",\"status\":\"304\",\"responseTime\":\"145.576\"}","timestamp":"2025-03-30T16:37:20.954Z"}
{"level":"\u001b[32minfo\u001b[39m","message":"{\"method\":\"GET\",\"url\":\"/tasks\",\"status\":\"304\",\"responseTime\":\"135.737\"}","timestamp":"2025-03-30T16:37:33.324Z"}
{"level":"\u001b[32minfo\u001b[39m","message":"{\"method\":\"GET\",\"url\":\"/tasks\",\"status\":\"304\",\"responseTime\":\"123.563\"}","timestamp":"2025-03-30T16:37:42.587Z"}
{"level":"\u001b[32minfo\u001b[39m","message":"{\"method\":\"GET\",\"url\":\"/tasks\",\"status\":\"304\",\"responseTime\":\"143.513\"}","timestamp":"2025-03-30T16:37:45.653Z"}
{"level":"\u001b[32minfo\u001b[39m","message":"{\"method\":\"GET\",\"url\":\"/tasks\",\"status\":\"304\",\"responseTime\":\"120.017\"}","timestamp":"2025-03-30T16:37:47.321Z"}
{"level":"\u001b[32minfo\u001b[39m","message":"{\"method\":\"GET\",\"url\":\"/tasks\",\"status\":\"304\",\"responseTime\":\"115.826\"}","timestamp":"2025-03-30T16:37:49.174Z"}
{"level":"\u001b[32minfo\u001b[39m","message":"{\"method\":\"GET\",\"url\":\"/tasks\",\"status\":\"304\",\"responseTime\":\"114.772\"}","timestamp":"2025-03-30T16:37:57.268Z"}
{"level":"\u001b[32minfo\u001b[39m","message":"{\"method\":\"GET\",\"url\":\"/tasks\",\"status\":\"304\",\"responseTime\":\"140.814\"}","timestamp":"2025-03-30T16:38:08.741Z"}
{"level":"\u001b[32minfo\u001b[39m","message":"{\"method\":\"GET\",\"url\":\"/tasks\",\"status\":\"304\",\"responseTime\":\"155.369\"}","timestamp":"2025-03-30T16:38:10.961Z"}
{"level":"\u001b[32minfo\u001b[39m","message":"{\"method\":\"GET\",\"url\":\"/tasks\",\"status\":\"304\",\"responseTime\":\"119.448\"}","timestamp":"2025-03-30T16:38:13.147Z"}
{"level":"\u001b[32minfo\u001b[39m","message":"{\"method\":\"GET\",\"url\":\"/tasks\",\"status\":\"304\",\"responseTime\":\"125.307\"}","timestamp":"2025-03-30T16:38:14.212Z"}
{"level":"\u001b[32minfo\u001b[39m","message":"{\"method\":\"GET\",\"url\":\"/tasks\",\"status\":\"304\",\"responseTime\":\"166.750\"}","timestamp":"2025-03-30T16:38:15.449Z"}
{"level":"\u001b[32minfo\u001b[39m","message":"{\"method\":\"GET\",\"url\":\"/tasks\",\"status\":\"304\",\"responseTime\":\"196.892\"}","timestamp":"2025-03-30T16:38:17.287Z"}
{"level":"\u001b[32minfo\u001b[39m","message":"{\"method\":\"GET\",\"url\":\"/tasks\",\"status\":\"304\",\"responseTime\":\"139.364\"}","timestamp":"2025-03-30T16:38:19.253Z"}
{"level":"\u001b[32minfo\u001b[39m","message":"{\"method\":\"GET\",\"url\":\"/tasks\",\"status\":\"304\",\"responseTime\":\"131.677\"}","timestamp":"2025-03-30T16:38:20.236Z"}
{"level":"\u001b[32minfo\u001b[39m","message":"{\"method\":\"GET\",\"url\":\"/tasks\",\"status\":\"304\",\"responseTime\":\"130.628\"}","timestamp":"2025-03-30T16:38:21.349Z"}
{"level":"\u001b[32minfo\u001b[39m","message":"{\"method\":\"POST\",\"url\":\"/login\",\"status\":\"200\",\"responseTime\":\"170.285\"}","timestamp":"2025-03-30T16:39:22.598Z"}
{"level":"\u001b[32minfo\u001b[39m","message":"{\"method\":\"GET\",\"url\":\"/tasks\",\"status\":\"304\",\"responseTime\":\"139.391\"}","timestamp":"2025-03-30T16:39:22.824Z"}
{"level":"\u001b[32minfo\u001b[39m","message":"{\"method\":\"GET\",\"url\":\"/tasks\",\"status\":\"304\",\"responseTime\":\"485.211\"}","timestamp":"2025-03-30T16:41:15.358Z"}
{"level":"\u001b[32minfo\u001b[39m","message":"{\"method\":\"GET\",\"url\":\"/tasks\",\"status\":\"200\",\"responseTime\":\"187.337\"}","timestamp":"2025-03-30T16:43:36.054Z"}
{"level":"\u001b[32minfo\u001b[39m","message":"{\"method\":\"GET\",\"url\":\"/tasks\",\"status\":\"304\",\"responseTime\":\"122.745\"}","timestamp":"2025-03-30T16:45:05.730Z"}
{"level":"\u001b[32minfo\u001b[39m","message":"{\"method\":\"GET\",\"url\":\"/tasks\",\"status\":\"304\",\"responseTime\":\"115.411\"}","timestamp":"2025-03-30T16:45:30.037Z"}
{"level":"\u001b[32minfo\u001b[39m","message":"{\"method\":\"GET\",\"url\":\"/tasks\",\"status\":\"304\",\"responseTime\":\"123.624\"}","timestamp":"2025-03-30T16:45:33.081Z"}
{"level":"\u001b[32minfo\u001b[39m","message":"{\"method\":\"GET\",\"url\":\"/tasks\",\"status\":\"304\",\"responseTime\":\"129.387\"}","timestamp":"2025-03-30T16:45:45.918Z"}
{"level":"\u001b[32minfo\u001b[39m","message":"{\"method\":\"GET\",\"url\":\"/tasks\",\"status\":\"304\",\"responseTime\":\"117.043\"}","timestamp":"2025-03-30T16:45:48.621Z"}
{"level":"\u001b[32minfo\u001b[39m","message":"{\"method\":\"GET\",\"url\":\"/tasks\",\"status\":\"304\",\"responseTime\":\"111.957\"}","timestamp":"2025-03-30T16:45:53.222Z"}
{"level":"\u001b[32minfo\u001b[39m","message":"{\"method\":\"GET\",\"url\":\"/tasks\",\"status\":\"304\",\"responseTime\":\"114.478\"}","timestamp":"2025-03-30T16:46:31.893Z"}
{"level":"\u001b[32minfo\u001b[39m","message":"{\"method\":\"GET\",\"url\":\"/tasks\",\"status\":\"304\",\"responseTime\":\"207.861\"}","timestamp":"2025-03-30T16:46:58.114Z"}
{"level":"\u001b[32minfo\u001b[39m","message":"{\"method\":\"GET\",\"url\":\"/tasks\",\"status\":\"304\",\"responseTime\":\"114.193\"}","timestamp":"2025-03-30T16:47:04.704Z"}
{"level":"\u001b[32minfo\u001b[39m","message":"{\"method\":\"GET\",\"url\":\"/tasks\",\"status\":\"304\",\"responseTime\":\"125.999\"}","timestamp":"2025-03-30T16:47:22.937Z"}
{"level":"\u001b[32minfo\u001b[39m","message":"{\"method\":\"GET\",\"url\":\"/tasks\",\"status\":\"304\",\"responseTime\":\"117.266\"}","timestamp":"2025-03-30T16:47:26.202Z"}
{"level":"\u001b[32minfo\u001b[39m","message":"{\"method\":\"GET\",\"url\":\"/tasks\",\"status\":\"304\",\"responseTime\":\"143.994\"}","timestamp":"2025-03-30T16:48:11.706Z"}
{"level":"\u001b[32minfo\u001b[39m","message":"{\"method\":\"GET\",\"url\":\"/tasks\",\"status\":\"304\",\"responseTime\":\"114.388\"}","timestamp":"2025-03-30T16:50:14.289Z"}
{"level":"\u001b[32minfo\u001b[39m","message":"{\"method\":\"GET\",\"url\":\"/tasks\",\"status\":\"304\",\"responseTime\":\"345.561\"}","timestamp":"2025-03-30T16:50:44.543Z"}
{"level":"\u001b[32minfo\u001b[39m","message":"{\"method\":\"GET\",\"url\":\"/tasks\",\"status\":\"304\",\"responseTime\":\"413.678\"}","timestamp":"2025-03-30T16:51:01.176Z"}
{"level":"\u001b[32minfo\u001b[39m","message":"{\"method\":\"GET\",\"url\":\"/tasks\",\"status\":\"200\",\"responseTime\":\"172.873\"}","timestamp":"2025-03-30T16:52:52.504Z"}
{"level":"\u001b[32minfo\u001b[39m","message":"{\"method\":\"GET\",\"url\":\"/tasks\",\"status\":\"304\",\"responseTime\":\"136.545\"}","timestamp":"2025-03-30T16:53:46.744Z"}
{"level":"\u001b[32minfo\u001b[39m","message":"{\"method\":\"GET\",\"url\":\"/tasks\",\"status\":\"304\",\"responseTime\":\"101.622\"}","timestamp":"2025-03-30T16:55:37.006Z"}
{"level":"\u001b[32minfo\u001b[39m","message":"{\"method\":\"GET\",\"url\":\"/tasks\",\"status\":\"304\",\"responseTime\":\"96.759\"}","timestamp":"2025-03-30T16:55:39.358Z"}
{"level":"\u001b[32minfo\u001b[39m","message":"{\"method\":\"GET\",\"url\":\"/tasks\",\"status\":\"304\",\"responseTime\":\"108.586\"}","timestamp":"2025-03-30T16:55:40.928Z"}
{"level":"\u001b[32minfo\u001b[39m","message":"{\"method\":\"GET\",\"url\":\"/tasks\",\"status\":\"304\",\"responseTime\":\"266.783\"}","timestamp":"2025-03-30T16:55:48.239Z"}
{"level":"\u001b[32minfo\u001b[39m","message":"{\"method\":\"GET\",\"url\":\"/tasks\",\"status\":\"304\",\"responseTime\":\"241.003\"}","timestamp":"2025-03-30T16:55:49.991Z"}
{"level":"\u001b[32minfo\u001b[39m","message":"{\"method\":\"GET\",\"url\":\"/tasks\",\"status\":\"304\",\"responseTime\":\"107.433\"}","timestamp":"2025-03-30T16:55:52.375Z"}
{"level":"\u001b[32minfo\u001b[39m","message":"{\"method\":\"GET\",\"url\":\"/tasks\",\"status\":\"304\",\"responseTime\":\"109.957\"}","timestamp":"2025-03-30T16:55:53.605Z"}
{"level":"\u001b[32minfo\u001b[39m","message":"{\"method\":\"GET\",\"url\":\"/tasks\",\"status\":\"304\",\"responseTime\":\"276.549\"}","timestamp":"2025-03-30T16:56:47.190Z"}
{"level":"\u001b[32minfo\u001b[39m","message":"{\"method\":\"GET\",\"url\":\"/tasks\",\"status\":\"304\",\"responseTime\":\"318.656\"}","timestamp":"2025-03-30T16:57:05.841Z"}
{"level":"\u001b[32minfo\u001b[39m","message":"{\"method\":\"GET\",\"url\":\"/tasks\",\"status\":\"304\",\"responseTime\":\"110.064\"}","timestamp":"2025-03-30T16:57:08.256Z"}
{"level":"\u001b[32minfo\u001b[39m","message":"{\"method\":\"GET\",\"url\":\"/tasks\",\"status\":\"304\",\"responseTime\":\"112.748\"}","timestamp":"2025-03-30T16:57:09.481Z"}
{"level":"\u001b[32minfo\u001b[39m","message":"{\"method\":\"GET\",\"url\":\"/tasks\",\"status\":\"304\",\"responseTime\":\"735.415\"}","timestamp":"2025-03-30T16:57:33.329Z"}
{"level":"\u001b[32minfo\u001b[39m","message":"{\"method\":\"GET\",\"url\":\"/tasks\",\"status\":\"304\",\"responseTime\":\"126.624\"}","timestamp":"2025-03-30T16:58:57.292Z"}
{"level":"\u001b[32minfo\u001b[39m","message":"{\"method\":\"GET\",\"url\":\"/tasks\",\"status\":\"304\",\"responseTime\":\"123.171\"}","timestamp":"2025-03-30T16:59:24.958Z"}
{"level":"\u001b[32minfo\u001b[39m","message":"{\"method\":\"GET\",\"url\":\"/tasks\",\"status\":\"304\",\"responseTime\":\"103.397\"}","timestamp":"2025-03-30T16:59:26.622Z"}
{"level":"\u001b[32minfo\u001b[39m","message":"{\"method\":\"GET\",\"url\":\"/tasks\",\"status\":\"304\",\"responseTime\":\"150.213\"}","timestamp":"2025-03-30T16:59:29.728Z"}
{"level":"\u001b[32minfo\u001b[39m","message":"{\"method\":\"GET\",\"url\":\"/tasks\",\"status\":\"304\",\"responseTime\":\"134.494\"}","timestamp":"2025-03-30T16:59:31.494Z"}
{"level":"\u001b[32minfo\u001b[39m","message":"{\"method\":\"GET\",\"url\":\"/tasks\",\"status\":\"304\",\"responseTime\":\"157.641\"}","timestamp":"2025-03-30T16:59:32.941Z"}
{"level":"\u001b[32minfo\u001b[39m","message":"{\"method\":\"GET\",\"url\":\"/tasks\",\"status\":\"304\",\"responseTime\":\"410.457\"}","timestamp":"2025-03-30T16:59:34.775Z"}
{"level":"\u001b[32minfo\u001b[39m","message":"{\"method\":\"GET\",\"url\":\"/tasks\",\"status\":\"304\",\"responseTime\":\"116.085\"}","timestamp":"2025-03-30T16:59:35.582Z"}
{"level":"\u001b[32minfo\u001b[39m","message":"{\"method\":\"GET\",\"url\":\"/tasks\",\"status\":\"304\",\"responseTime\":\"115.606\"}","timestamp":"2025-03-30T16:59:36.429Z"}
{"level":"\u001b[32minfo\u001b[39m","message":"{\"method\":\"GET\",\"url\":\"/tasks\",\"status\":\"304\",\"responseTime\":\"115.898\"}","timestamp":"2025-03-30T16:59:44.442Z"}
{"level":"\u001b[32minfo\u001b[39m","message":"{\"method\":\"GET\",\"url\":\"/tasks\",\"status\":\"304\",\"responseTime\":\"121.322\"}","timestamp":"2025-03-30T17:00:11.473Z"}
{"level":"\u001b[32minfo\u001b[39m","message":"{\"method\":\"GET\",\"url\":\"/tasks\",\"status\":\"304\",\"responseTime\":\"123.111\"}","timestamp":"2025-03-30T17:00:22.169Z"}
{"level":"\u001b[32minfo\u001b[39m","message":"{\"method\":\"GET\",\"url\":\"/tasks\",\"status\":\"304\",\"responseTime\":\"229.851\"}","timestamp":"2025-03-30T17:00:24.119Z"}
{"level":"\u001b[32minfo\u001b[39m","message":"{\"method\":\"GET\",\"url\":\"/tasks\",\"status\":\"304\",\"responseTime\":\"131.069\"}","timestamp":"2025-03-30T17:00:25.284Z"}
{"level":"\u001b[32minfo\u001b[39m","message":"{\"method\":\"GET\",\"url\":\"/tasks\",\"status\":\"304\",\"responseTime\":\"111.218\"}","timestamp":"2025-03-30T17:00:26.814Z"}
{"level":"\u001b[32minfo\u001b[39m","message":"{\"method\":\"GET\",\"url\":\"/tasks\",\"status\":\"304\",\"responseTime\":\"136.524\"}","timestamp":"2025-03-30T17:00:27.686Z"}
{"level":"\u001b[32minfo\u001b[39m","message":"{\"method\":\"GET\",\"url\":\"/tasks\",\"status\":\"304\",\"responseTime\":\"129.794\"}","timestamp":"2025-03-30T17:00:36.014Z"}
{"level":"\u001b[32minfo\u001b[39m","message":"{\"method\":\"GET\",\"url\":\"/tasks\",\"status\":\"304\",\"responseTime\":\"173.170\"}","timestamp":"2025-03-30T17:00:38.441Z"}
{"level":"\u001b[32minfo\u001b[39m","message":"{\"method\":\"GET\",\"url\":\"/tasks\",\"status\":\"304\",\"responseTime\":\"338.426\"}","timestamp":"2025-03-30T17:00:40.861Z"}
{"level":"\u001b[32minfo\u001b[39m","message":"{\"method\":\"GET\",\"url\":\"/tasks\",\"status\":\"304\",\"responseTime\":\"103.519\"}","timestamp":"2025-03-30T17:00:41.665Z"}
{"level":"\u001b[32minfo\u001b[39m","message":"{\"method\":\"GET\",\"url\":\"/tasks\",\"status\":\"304\",\"responseTime\":\"112.677\"}","timestamp":"2025-03-30T17:00:57.996Z"}
{"level":"\u001b[32minfo\u001b[39m","message":"{\"method\":\"GET\",\"url\":\"/tasks\",\"status\":\"304\",\"responseTime\":\"127.603\"}","timestamp":"2025-03-30T17:01:10.171Z"}
{"level":"\u001b[32minfo\u001b[39m","message":"{\"method\":\"GET\",\"url\":\"/tasks\",\"status\":\"304\",\"responseTime\":\"119.535\"}","timestamp":"2025-03-30T17:01:22.408Z"}
{"level":"\u001b[32minfo\u001b[39m","message":"{\"method\":\"GET\",\"url\":\"/tasks\",\"status\":\"304\",\"responseTime\":\"107.582\"}","timestamp":"2025-03-30T17:01:30.705Z"}
{"level":"\u001b[32minfo\u001b[39m","message":"{\"method\":\"GET\",\"url\":\"/tasks\",\"status\":\"304\",\"responseTime\":\"131.928\"}","timestamp":"2025-03-30T17:01:38.871Z"}
{"level":"\u001b[32minfo\u001b[39m","message":"{\"method\":\"GET\",\"url\":\"/tasks\",\"status\":\"304\",\"responseTime\":\"138.970\"}","timestamp":"2025-03-30T17:01:47.754Z"}
{"level":"\u001b[32minfo\u001b[39m","message":"{\"method\":\"GET\",\"url\":\"/tasks\",\"status\":\"304\",\"responseTime\":\"119.702\"}","timestamp":"2025-03-30T17:01:50.905Z"}
{"level":"\u001b[32minfo\u001b[39m","message":"{\"method\":\"GET\",\"url\":\"/tasks\",\"status\":\"304\",\"responseTime\":\"111.899\"}","timestamp":"2025-03-30T17:02:20.878Z"}
{"level":"\u001b[32minfo\u001b[39m","message":"{\"method\":\"GET\",\"url\":\"/tasks\",\"status\":\"304\",\"responseTime\":\"106.095\"}","timestamp":"2025-03-30T17:02:22.325Z"}
{"level":"\u001b[32minfo\u001b[39m","message":"{\"method\":\"GET\",\"url\":\"/tasks\",\"status\":\"304\",\"responseTime\":\"111.617\"}","timestamp":"2025-03-30T17:02:27.043Z"}
{"level":"\u001b[32minfo\u001b[39m","message":"{\"method\":\"GET\",\"url\":\"/tasks\",\"status\":\"304\",\"responseTime\":\"153.989\"}","timestamp":"2025-03-30T17:02:28.038Z"}
{"level":"\u001b[32minfo\u001b[39m","message":"{\"method\":\"GET\",\"url\":\"/tasks\",\"status\":\"304\",\"responseTime\":\"139.307\"}","timestamp":"2025-03-30T17:03:05.354Z"}
{"level":"\u001b[32minfo\u001b[39m","message":"{\"method\":\"GET\",\"url\":\"/tasks\",\"status\":\"200\",\"responseTime\":\"181.451\"}","timestamp":"2025-03-30T17:03:40.663Z"}
{"level":"\u001b[32minfo\u001b[39m","message":"{\"method\":\"POST\",\"url\":\"/addtask\",\"status\":\"200\",\"responseTime\":\"157.512\"}","timestamp":"2025-03-30T17:03:52.398Z"}
{"level":"\u001b[32minfo\u001b[39m","message":"{\"method\":\"GET\",\"url\":\"/tasks\",\"status\":\"200\",\"responseTime\":\"100.618\"}","timestamp":"2025-03-30T17:03:54.968Z"}
{"level":"\u001b[32minfo\u001b[39m","message":"{\"method\":\"POST\",\"url\":\"/addtask\",\"status\":\"200\",\"responseTime\":\"96.109\"}","timestamp":"2025-03-30T17:04:00.736Z"}
{"level":"\u001b[32minfo\u001b[39m","message":"{\"method\":\"GET\",\"url\":\"/tasks\",\"status\":\"200\",\"responseTime\":\"122.084\"}","timestamp":"2025-03-30T17:04:02.560Z"}
{"level":"\u001b[32minfo\u001b[39m","message":"{\"method\":\"GET\",\"url\":\"/tasks\",\"status\":\"304\",\"responseTime\":\"118.734\"}","timestamp":"2025-03-30T17:05:26.709Z"}
{"level":"\u001b[32minfo\u001b[39m","message":"{\"method\":\"GET\",\"url\":\"/tasks\",\"status\":\"304\",\"responseTime\":\"113.441\"}","timestamp":"2025-03-30T17:05:31.126Z"}
{"level":"\u001b[32minfo\u001b[39m","message":"{\"method\":\"GET\",\"url\":\"/tasks\",\"status\":\"304\",\"responseTime\":\"98.919\"}","timestamp":"2025-03-30T17:07:33.458Z"}
{"level":"\u001b[32minfo\u001b[39m","message":"{\"method\":\"GET\",\"url\":\"/tasks\",\"status\":\"304\",\"responseTime\":\"112.108\"}","timestamp":"2025-03-30T17:07:36.530Z"}
{"level":"\u001b[32minfo\u001b[39m","message":"{\"method\":\"GET\",\"url\":\"/tasks\",\"status\":\"304\",\"responseTime\":\"99.601\"}","timestamp":"2025-03-30T17:07:38.870Z"}
{"level":"\u001b[32minfo\u001b[39m","message":"{\"method\":\"GET\",\"url\":\"/tasks\",\"status\":\"304\",\"responseTime\":\"95.417\"}","timestamp":"2025-03-30T17:07:41.411Z"}
{"level":"\u001b[32minfo\u001b[39m","message":"{\"method\":\"GET\",\"url\":\"/tasks\",\"status\":\"304\",\"responseTime\":\"114.948\"}","timestamp":"2025-03-30T17:07:43.102Z"}
{"level":"\u001b[32minfo\u001b[39m","message":"{\"method\":\"GET\",\"url\":\"/tasks\",\"status\":\"304\",\"responseTime\":\"94.880\"}","timestamp":"2025-03-30T17:07:44.585Z"}
{"level":"\u001b[32minfo\u001b[39m","message":"{\"method\":\"GET\",\"url\":\"/tasks\",\"status\":\"304\",\"responseTime\":\"108.169\"}","timestamp":"2025-03-30T17:07:47.189Z"}
{"level":"\u001b[32minfo\u001b[39m","message":"{\"method\":\"GET\",\"url\":\"/tasks\",\"status\":\"304\",\"responseTime\":\"93.032\"}","timestamp":"2025-03-30T17:07:53.048Z"}
{"level":"\u001b[32minfo\u001b[39m","message":"{\"method\":\"GET\",\"url\":\"/tasks\",\"status\":\"304\",\"responseTime\":\"93.910\"}","timestamp":"2025-03-30T17:07:56.093Z"}
{"level":"\u001b[32minfo\u001b[39m","message":"{\"method\":\"GET\",\"url\":\"/tasks\",\"status\":\"304\",\"responseTime\":\"93.759\"}","timestamp":"2025-03-30T17:07:59.251Z"}
{"level":"\u001b[32minfo\u001b[39m","message":"{\"method\":\"GET\",\"url\":\"/tasks\",\"status\":\"304\",\"responseTime\":\"138.207\"}","timestamp":"2025-03-30T17:08:02.060Z"}
{"level":"\u001b[32minfo\u001b[39m","message":"{\"method\":\"GET\",\"url\":\"/tasks\",\"status\":\"304\",\"responseTime\":\"97.576\"}","timestamp":"2025-03-30T17:08:05.174Z"}
{"level":"\u001b[32minfo\u001b[39m","message":"{\"method\":\"GET\",\"url\":\"/tasks\",\"status\":\"304\",\"responseTime\":\"91.328\"}","timestamp":"2025-03-30T17:08:10.085Z"}
{"level":"\u001b[32minfo\u001b[39m","message":"{\"method\":\"GET\",\"url\":\"/tasks\",\"status\":\"304\",\"responseTime\":\"92.498\"}","timestamp":"2025-03-30T17:08:10.555Z"}
{"level":"\u001b[32minfo\u001b[39m","message":"{\"method\":\"GET\",\"url\":\"/tasks\",\"status\":\"304\",\"responseTime\":\"100.667\"}","timestamp":"2025-03-30T17:08:35.824Z"}
{"level":"\u001b[32minfo\u001b[39m","message":"{\"method\":\"GET\",\"url\":\"/tasks\",\"status\":\"304\",\"responseTime\":\"110.786\"}","timestamp":"2025-03-30T17:08:42.358Z"}
{"level":"\u001b[32minfo\u001b[39m","message":"{\"method\":\"GET\",\"url\":\"/tasks\",\"status\":\"304\",\"responseTime\":\"115.654\"}","timestamp":"2025-03-30T17:08:50.479Z"}
{"level":"\u001b[32minfo\u001b[39m","message":"{\"method\":\"GET\",\"url\":\"/tasks\",\"status\":\"304\",\"responseTime\":\"96.632\"}","timestamp":"2025-03-30T17:10:23.474Z"}
{"level":"\u001b[32minfo\u001b[39m","message":"{\"method\":\"GET\",\"url\":\"/tasks\",\"status\":\"304\",\"responseTime\":\"93.688\"}","timestamp":"2025-03-30T17:10:24.411Z"}
{"level":"\u001b[32minfo\u001b[39m","message":"{\"method\":\"GET\",\"url\":\"/tasks\",\"status\":\"304\",\"responseTime\":\"99.842\"}","timestamp":"2025-03-30T17:10:25.771Z"}
{"level":"\u001b[32minfo\u001b[39m","message":"{\"method\":\"GET\",\"url\":\"/tasks\",\"status\":\"304\",\"responseTime\":\"97.508\"}","timestamp":"2025-03-30T17:10:26.946Z"}
{"level":"\u001b[32minfo\u001b[39m","message":"{\"method\":\"GET\",\"url\":\"/tasks\",\"status\":\"304\",\"responseTime\":\"95.602\"}","timestamp":"2025-03-30T17:10:53.206Z"}
{"level":"\u001b[32minfo\u001b[39m","message":"{\"method\":\"GET\",\"url\":\"/tasks\",\"status\":\"304\",\"responseTime\":\"94.930\"}","timestamp":"2025-03-30T17:11:36.603Z"}
{"level":"\u001b[32minfo\u001b[39m","message":"{\"method\":\"GET\",\"url\":\"/tasks\",\"status\":\"304\",\"responseTime\":\"106.061\"}","timestamp":"2025-03-30T17:11:41.631Z"}
{"level":"\u001b[32minfo\u001b[39m","message":"{\"method\":\"GET\",\"url\":\"/tasks\",\"status\":\"304\",\"responseTime\":\"95.687\"}","timestamp":"2025-03-30T17:14:59.894Z"}
{"level":"\u001b[32minfo\u001b[39m","message":"{\"method\":\"GET\",\"url\":\"/tasks\",\"status\":\"304\",\"responseTime\":\"100.445\"}","timestamp":"2025-03-30T17:15:05.081Z"}
{"level":"\u001b[32minfo\u001b[39m","message":"{\"method\":\"GET\",\"url\":\"/tasks\",\"status\":\"304\",\"responseTime\":\"170.276\"}","timestamp":"2025-03-30T17:16:06.235Z"}
{"level":"\u001b[32minfo\u001b[39m","message":"{\"method\":\"GET\",\"url\":\"/tasks\",\"status\":\"304\",\"responseTime\":\"134.394\"}","timestamp":"2025-03-30T17:16:08.631Z"}
{"level":"\u001b[32minfo\u001b[39m","message":"{\"method\":\"GET\",\"url\":\"/tasks\",\"status\":\"304\",\"responseTime\":\"219.330\"}","timestamp":"2025-03-30T17:16:13.411Z"}
{"level":"\u001b[32minfo\u001b[39m","message":"{\"method\":\"GET\",\"url\":\"/tasks\",\"status\":\"304\",\"responseTime\":\"120.999\"}","timestamp":"2025-03-30T17:16:14.852Z"}
{"level":"\u001b[32minfo\u001b[39m","message":"{\"method\":\"GET\",\"url\":\"/tasks\",\"status\":\"304\",\"responseTime\":\"102.715\"}","timestamp":"2025-03-30T17:17:47.038Z"}
{"level":"\u001b[32minfo\u001b[39m","message":"{\"method\":\"GET\",\"url\":\"/tasks\",\"status\":\"304\",\"responseTime\":\"114.816\"}","timestamp":"2025-03-30T17:18:05.392Z"}
{"level":"\u001b[32minfo\u001b[39m","message":"{\"method\":\"GET\",\"url\":\"/tasks\",\"status\":\"304\",\"responseTime\":\"100.154\"}","timestamp":"2025-03-30T17:18:07.659Z"}
{"level":"\u001b[32minfo\u001b[39m","message":"{\"method\":\"GET\",\"url\":\"/tasks\",\"status\":\"304\",\"responseTime\":\"115.163\"}","timestamp":"2025-03-30T17:18:14.366Z"}
{"level":"\u001b[32minfo\u001b[39m","message":"{\"method\":\"GET\",\"url\":\"/tasks\",\"status\":\"304\",\"responseTime\":\"270.197\"}","timestamp":"2025-03-30T17:18:16.381Z"}
{"level":"\u001b[32minfo\u001b[39m","message":"{\"method\":\"GET\",\"url\":\"/tasks\",\"status\":\"304\",\"responseTime\":\"142.483\"}","timestamp":"2025-03-30T17:18:18.255Z"}
{"level":"\u001b[32minfo\u001b[39m","message":"{\"method\":\"GET\",\"url\":\"/tasks\",\"status\":\"304\",\"responseTime\":\"95.360\"}","timestamp":"2025-03-30T17:18:19.848Z"}
{"level":"\u001b[32minfo\u001b[39m","message":"{\"method\":\"GET\",\"url\":\"/tasks\",\"status\":\"304\",\"responseTime\":\"125.765\"}","timestamp":"2025-03-30T17:18:48.638Z"}
{"level":"\u001b[32minfo\u001b[39m","message":"{\"method\":\"GET\",\"url\":\"/tasks\",\"status\":\"304\",\"responseTime\":\"116.724\"}","timestamp":"2025-03-30T17:18:53.636Z"}
{"level":"\u001b[32minfo\u001b[39m","message":"{\"method\":\"GET\",\"url\":\"/tasks\",\"status\":\"200\",\"responseTime\":\"116.424\"}","timestamp":"2025-03-30T17:19:56.045Z"}
{"level":"\u001b[32minfo\u001b[39m","message":"{\"method\":\"GET\",\"url\":\"/tasks\",\"status\":\"304\",\"responseTime\":\"367.361\"}","timestamp":"2025-03-30T17:20:42.813Z"}
{"level":"\u001b[32minfo\u001b[39m","message":"{\"method\":\"GET\",\"url\":\"/tasks\",\"status\":\"304\",\"responseTime\":\"115.738\"}","timestamp":"2025-03-30T17:20:45.227Z"}
{"level":"\u001b[32minfo\u001b[39m","message":"{\"method\":\"GET\",\"url\":\"/tasks\",\"status\":\"304\",\"responseTime\":\"124.562\"}","timestamp":"2025-03-30T17:21:30.849Z"}
{"level":"\u001b[32minfo\u001b[39m","message":"{\"method\":\"GET\",\"url\":\"/tasks\",\"status\":\"304\",\"responseTime\":\"127.289\"}","timestamp":"2025-03-30T17:22:14.876Z"}
{"level":"\u001b[32minfo\u001b[39m","message":"{\"method\":\"GET\",\"url\":\"/tasks\",\"status\":\"304\",\"responseTime\":\"99.861\"}","timestamp":"2025-03-30T17:22:16.588Z"}
{"level":"\u001b[32minfo\u001b[39m","message":"{\"method\":\"GET\",\"url\":\"/tasks\",\"status\":\"304\",\"responseTime\":\"112.286\"}","timestamp":"2025-03-30T17:22:19.343Z"}
{"level":"\u001b[32minfo\u001b[39m","message":"{\"method\":\"POST\",\"url\":\"/addtask\",\"status\":\"200\",\"responseTime\":\"122.862\"}","timestamp":"2025-03-30T17:22:31.817Z"}
{"level":"\u001b[32minfo\u001b[39m","message":"{\"method\":\"GET\",\"url\":\"/tasks\",\"status\":\"200\",\"responseTime\":\"170.540\"}","timestamp":"2025-03-30T17:22:34.382Z"}
{"level":"\u001b[32minfo\u001b[39m","message":"{\"method\":\"GET\",\"url\":\"/tasks\",\"status\":\"304\",\"responseTime\":\"95.411\"}","timestamp":"2025-03-30T17:23:14.477Z"}
{"level":"\u001b[32minfo\u001b[39m","message":"{\"method\":\"GET\",\"url\":\"/tasks\",\"status\":\"304\",\"responseTime\":\"95.956\"}","timestamp":"2025-03-30T17:26:24.195Z"}
{"level":"\u001b[32minfo\u001b[39m","message":"{\"method\":\"GET\",\"url\":\"/tasks\",\"status\":\"304\",\"responseTime\":\"92.794\"}","timestamp":"2025-03-30T17:26:32.219Z"}
{"level":"\u001b[32minfo\u001b[39m","message":"{\"method\":\"GET\",\"url\":\"/tasks\",\"status\":\"304\",\"responseTime\":\"276.204\"}","timestamp":"2025-03-30T17:26:34.065Z"}
{"level":"\u001b[32minfo\u001b[39m","message":"{\"method\":\"GET\",\"url\":\"/tasks\",\"status\":\"304\",\"responseTime\":\"97.980\"}","timestamp":"2025-03-30T17:26:56.133Z"}
{"level":"\u001b[32minfo\u001b[39m","message":"{\"method\":\"POST\",\"url\":\"/addtask\",\"status\":\"200\",\"responseTime\":\"131.688\"}","timestamp":"2025-03-30T17:27:13.903Z"}
{"level":"\u001b[32minfo\u001b[39m","message":"{\"method\":\"GET\",\"url\":\"/tasks\",\"status\":\"200\",\"responseTime\":\"107.339\"}","timestamp":"2025-03-30T17:27:21.628Z"}
{"level":"\u001b[32minfo\u001b[39m","message":"{\"method\":\"GET\",\"url\":\"/tasks\",\"status\":\"304\",\"responseTime\":\"182.723\"}","timestamp":"2025-03-30T17:28:54.117Z"}
{"level":"\u001b[32minfo\u001b[39m","message":"{\"method\":\"POST\",\"url\":\"/addtask\",\"status\":\"200\",\"responseTime\":\"141.958\"}","timestamp":"2025-03-30T17:28:57.430Z"}
{"level":"\u001b[32minfo\u001b[39m","message":"{\"method\":\"POST\",\"url\":\"/addtask\",\"status\":\"200\",\"responseTime\":\"115.576\"}","timestamp":"2025-03-30T17:29:37.306Z"}
{"level":"\u001b[32minfo\u001b[39m","message":"{\"method\":\"GET\",\"url\":\"/tasks\",\"status\":\"200\",\"responseTime\":\"143.593\"}","timestamp":"2025-03-30T17:34:28.114Z"}
{"level":"\u001b[32minfo\u001b[39m","message":"{\"method\":\"GET\",\"url\":\"/tasks\",\"status\":\"304\",\"responseTime\":\"112.810\"}","timestamp":"2025-03-30T17:34:29.930Z"}
{"level":"\u001b[32minfo\u001b[39m","message":"{\"method\":\"GET\",\"url\":\"/tasks\",\"status\":\"304\",\"responseTime\":\"109.598\"}","timestamp":"2025-03-30T17:34:31.619Z"}
{"level":"\u001b[32minfo\u001b[39m","message":"{\"method\":\"GET\",\"url\":\"/tasks\",\"status\":\"304\",\"responseTime\":\"121.019\"}","timestamp":"2025-03-30T17:34:38.079Z"}
{"level":"\u001b[32minfo\u001b[39m","message":"{\"method\":\"GET\",\"url\":\"/tasks\",\"status\":\"304\",\"responseTime\":\"100.736\"}","timestamp":"2025-03-30T17:35:04.856Z"}
{"level":"\u001b[32minfo\u001b[39m","message":"{\"method\":\"GET\",\"url\":\"/tasks\",\"status\":\"304\",\"responseTime\":\"107.259\"}","timestamp":"2025-03-30T17:35:09.586Z"}
{"level":"\u001b[32minfo\u001b[39m","message":"{\"method\":\"GET\",\"url\":\"/tasks\",\"status\":\"304\",\"responseTime\":\"105.367\"}","timestamp":"2025-03-30T17:35:16.708Z"}
{"level":"\u001b[32minfo\u001b[39m","message":"{\"method\":\"GET\",\"url\":\"/tasks\",\"status\":\"304\",\"responseTime\":\"102.116\"}","timestamp":"2025-03-30T17:35:20.251Z"}
{"level":"\u001b[32minfo\u001b[39m","message":"{\"method\":\"GET\",\"url\":\"/tasks\",\"status\":\"304\",\"responseTime\":\"107.938\"}","timestamp":"2025-03-30T17:35:22.500Z"}
{"level":"\u001b[32minfo\u001b[39m","message":"{\"method\":\"GET\",\"url\":\"/tasks\",\"status\":\"304\",\"responseTime\":\"136.053\"}","timestamp":"2025-03-30T17:35:26.196Z"}
{"level":"\u001b[32minfo\u001b[39m","message":"{\"method\":\"GET\",\"url\":\"/tasks\",\"status\":\"304\",\"responseTime\":\"107.506\"}","timestamp":"2025-03-30T17:35:28.649Z"}
{"level":"\u001b[32minfo\u001b[39m","message":"{\"method\":\"GET\",\"url\":\"/tasks\",\"status\":\"304\",\"responseTime\":\"175.125\"}","timestamp":"2025-03-30T17:35:37.664Z"}
{"level":"\u001b[32minfo\u001b[39m","message":"{\"method\":\"GET\",\"url\":\"/tasks\",\"status\":\"304\",\"responseTime\":\"197.414\"}","timestamp":"2025-03-30T17:35:39.663Z"}
{"level":"\u001b[32minfo\u001b[39m","message":"{\"method\":\"GET\",\"url\":\"/tasks\",\"status\":\"304\",\"responseTime\":\"104.791\"}","timestamp":"2025-03-30T17:35:44.765Z"}
{"level":"\u001b[32minfo\u001b[39m","message":"{\"method\":\"GET\",\"url\":\"/tasks\",\"status\":\"304\",\"responseTime\":\"232.830\"}","timestamp":"2025-03-30T17:35:51.897Z"}
{"level":"\u001b[32minfo\u001b[39m","message":"{\"method\":\"GET\",\"url\":\"/tasks\",\"status\":\"304\",\"responseTime\":\"292.840\"}","timestamp":"2025-03-30T17:35:54.457Z"}
{"level":"\u001b[32minfo\u001b[39m","message":"{\"method\":\"GET\",\"url\":\"/tasks\",\"status\":\"304\",\"responseTime\":\"174.515\"}","timestamp":"2025-03-30T17:35:56.482Z"}
{"level":"\u001b[32minfo\u001b[39m","message":"{\"method\":\"GET\",\"url\":\"/tasks\",\"status\":\"304\",\"responseTime\":\"192.366\"}","timestamp":"2025-03-30T17:35:58.624Z"}
{"level":"\u001b[32minfo\u001b[39m","message":"{\"method\":\"GET\",\"url\":\"/tasks\",\"status\":\"304\",\"responseTime\":\"204.529\"}","timestamp":"2025-03-30T17:36:01.973Z"}
{"level":"\u001b[32minfo\u001b[39m","message":"{\"method\":\"GET\",\"url\":\"/tasks\",\"status\":\"304\",\"responseTime\":\"129.274\"}","timestamp":"2025-03-30T17:36:05.450Z"}
{"level":"\u001b[32minfo\u001b[39m","message":"{\"method\":\"GET\",\"url\":\"/tasks\",\"status\":\"304\",\"responseTime\":\"108.051\"}","timestamp":"2025-03-30T17:36:08.459Z"}
{"level":"\u001b[32minfo\u001b[39m","message":"{\"method\":\"GET\",\"url\":\"/tasks\",\"status\":\"304\",\"responseTime\":\"108.847\"}","timestamp":"2025-03-30T17:36:12.325Z"}
{"level":"\u001b[32minfo\u001b[39m","message":"{\"method\":\"GET\",\"url\":\"/tasks\",\"status\":\"304\",\"responseTime\":\"118.880\"}","timestamp":"2025-03-30T17:36:14.400Z"}
{"level":"\u001b[32minfo\u001b[39m","message":"{\"method\":\"GET\",\"url\":\"/tasks\",\"status\":\"304\",\"responseTime\":\"100.198\"}","timestamp":"2025-03-30T17:36:16.562Z"}
{"level":"\u001b[32minfo\u001b[39m","message":"{\"method\":\"GET\",\"url\":\"/tasks\",\"status\":\"304\",\"responseTime\":\"99.699\"}","timestamp":"2025-03-30T17:36:44.581Z"}
{"level":"\u001b[32minfo\u001b[39m","message":"{\"method\":\"GET\",\"url\":\"/tasks\",\"status\":\"304\",\"responseTime\":\"104.444\"}","timestamp":"2025-03-30T17:36:51.976Z"}
{"level":"\u001b[32minfo\u001b[39m","message":"{\"method\":\"GET\",\"url\":\"/tasks\",\"status\":\"304\",\"responseTime\":\"104.939\"}","timestamp":"2025-03-30T17:36:53.781Z"}
{"level":"\u001b[32minfo\u001b[39m","message":"{\"method\":\"GET\",\"url\":\"/tasks\",\"status\":\"304\",\"responseTime\":\"106.300\"}","timestamp":"2025-03-30T17:36:58.364Z"}
{"level":"\u001b[32minfo\u001b[39m","message":"{\"method\":\"GET\",\"url\":\"/tasks\",\"status\":\"304\",\"responseTime\":\"110.686\"}","timestamp":"2025-03-30T17:37:02.861Z"}
{"level":"\u001b[32minfo\u001b[39m","message":"{\"method\":\"GET\",\"url\":\"/tasks\",\"status\":\"304\",\"responseTime\":\"99.195\"}","timestamp":"2025-03-30T17:37:05.531Z"}
{"level":"\u001b[32minfo\u001b[39m","message":"{\"method\":\"GET\",\"url\":\"/tasks\",\"status\":\"304\",\"responseTime\":\"122.989\"}","timestamp":"2025-03-30T17:37:08.787Z"}
{"level":"\u001b[32minfo\u001b[39m","message":"{\"method\":\"GET\",\"url\":\"/tasks\",\"status\":\"304\",\"responseTime\":\"117.896\"}","timestamp":"2025-03-30T17:37:12.334Z"}
{"level":"\u001b[32minfo\u001b[39m","message":"{\"method\":\"GET\",\"url\":\"/tasks\",\"status\":\"304\",\"responseTime\":\"104.835\"}","timestamp":"2025-03-30T17:37:15.573Z"}
{"level":"\u001b[32minfo\u001b[39m","message":"{\"method\":\"GET\",\"url\":\"/tasks\",\"status\":\"304\",\"responseTime\":\"111.755\"}","timestamp":"2025-03-30T17:37:22.168Z"}
{"level":"\u001b[32minfo\u001b[39m","message":"{\"method\":\"GET\",\"url\":\"/tasks\",\"status\":\"304\",\"responseTime\":\"105.730\"}","timestamp":"2025-03-30T17:38:34.863Z"}
{"level":"\u001b[32minfo\u001b[39m","message":"{\"method\":\"GET\",\"url\":\"/tasks\",\"status\":\"304\",\"responseTime\":\"105.042\"}","timestamp":"2025-03-30T17:39:17.249Z"}
{"level":"\u001b[32minfo\u001b[39m","message":"{\"method\":\"POST\",\"url\":\"/login\",\"status\":\"200\",\"responseTime\":\"385.886\"}","timestamp":"2025-03-30T17:40:33.755Z"}
{"level":"\u001b[32minfo\u001b[39m","message":"{\"method\":\"GET\",\"url\":\"/tasks\",\"status\":\"304\",\"responseTime\":\"304.109\"}","timestamp":"2025-03-30T17:40:34.181Z"}
{"level":"\u001b[32minfo\u001b[39m","message":"{\"method\":\"GET\",\"url\":\"/tasks\",\"status\":\"304\",\"responseTime\":\"103.755\"}","timestamp":"2025-03-30T17:42:12.879Z"}
{"level":"\u001b[32minfo\u001b[39m","message":"{\"method\":\"GET\",\"url\":\"/tasks\",\"status\":\"304\",\"responseTime\":\"113.904\"}","timestamp":"2025-03-30T17:42:19.139Z"}
{"level":"\u001b[32minfo\u001b[39m","message":"{\"method\":\"GET\",\"url\":\"/tasks\",\"status\":\"304\",\"responseTime\":\"115.166\"}","timestamp":"2025-03-30T17:42:35.806Z"}
{"level":"\u001b[32minfo\u001b[39m","message":"{\"method\":\"GET\",\"url\":\"/tasks\",\"status\":\"304\",\"responseTime\":\"182.406\"}","timestamp":"2025-03-30T17:43:01.479Z"}
{"level":"\u001b[32minfo\u001b[39m","message":"{\"method\":\"GET\",\"url\":\"/tasks\",\"status\":\"304\",\"responseTime\":\"203.137\"}","timestamp":"2025-03-30T17:43:03.707Z"}
{"level":"\u001b[32minfo\u001b[39m","message":"{\"method\":\"GET\",\"url\":\"/tasks\",\"status\":\"304\",\"responseTime\":\"108.220\"}","timestamp":"2025-03-30T17:43:05.627Z"}
{"level":"\u001b[32minfo\u001b[39m","message":"{\"method\":\"GET\",\"url\":\"/tasks\",\"status\":\"304\",\"responseTime\":\"108.335\"}","timestamp":"2025-03-30T17:43:30.904Z"}
{"level":"\u001b[32minfo\u001b[39m","message":"{\"method\":\"GET\",\"url\":\"/tasks\",\"status\":\"304\",\"responseTime\":\"114.909\"}","timestamp":"2025-03-30T17:43:34.764Z"}
{"level":"\u001b[32minfo\u001b[39m","message":"{\"method\":\"GET\",\"url\":\"/tasks\",\"status\":\"304\",\"responseTime\":\"123.542\"}","timestamp":"2025-03-30T17:45:15.614Z"}
{"level":"\u001b[32minfo\u001b[39m","message":"{\"method\":\"GET\",\"url\":\"/tasks\",\"status\":\"304\",\"responseTime\":\"104.522\"}","timestamp":"2025-03-30T17:46:28.851Z"}
{"level":"\u001b[32minfo\u001b[39m","message":"{\"method\":\"GET\",\"url\":\"/tasks\",\"status\":\"304\",\"responseTime\":\"100.445\"}","timestamp":"2025-03-30T17:46:40.604Z"}
{"level":"\u001b[32minfo\u001b[39m","message":"{\"method\":\"GET\",\"url\":\"/tasks\",\"status\":\"304\",\"responseTime\":\"100.382\"}","timestamp":"2025-03-30T17:46:47.957Z"}
{"level":"\u001b[32minfo\u001b[39m","message":"{\"method\":\"GET\",\"url\":\"/tasks\",\"status\":\"304\",\"responseTime\":\"105.542\"}","timestamp":"2025-03-30T17:47:17.003Z"}
{"level":"\u001b[32minfo\u001b[39m","message":"{\"method\":\"GET\",\"url\":\"/tasks\",\"status\":\"304\",\"responseTime\":\"104.816\"}","timestamp":"2025-03-30T17:47:24.163Z"}
{"level":"\u001b[32minfo\u001b[39m","message":"{\"method\":\"GET\",\"url\":\"/tasks\",\"status\":\"304\",\"responseTime\":\"124.986\"}","timestamp":"2025-03-30T17:47:30.693Z"}
{"level":"\u001b[32minfo\u001b[39m","message":"{\"method\":\"GET\",\"url\":\"/tasks\",\"status\":\"304\",\"responseTime\":\"122.352\"}","timestamp":"2025-03-30T17:47:36.990Z"}
{"level":"\u001b[32minfo\u001b[39m","message":"{\"method\":\"GET\",\"url\":\"/tasks\",\"status\":\"304\",\"responseTime\":\"108.032\"}","timestamp":"2025-03-30T17:48:02.655Z"}
{"level":"\u001b[32minfo\u001b[39m","message":"{\"method\":\"GET\",\"url\":\"/tasks\",\"status\":\"304\",\"responseTime\":\"108.123\"}","timestamp":"2025-03-30T17:49:33.786Z"}
{"level":"\u001b[32minfo\u001b[39m","message":"{\"method\":\"GET\",\"url\":\"/tasks\",\"status\":\"304\",\"responseTime\":\"120.221\"}","timestamp":"2025-03-30T17:49:36.496Z"}
{"level":"\u001b[32minfo\u001b[39m","message":"{\"method\":\"GET\",\"url\":\"/tasks\",\"status\":\"304\",\"responseTime\":\"185.306\"}","timestamp":"2025-03-30T17:49:46.795Z"}
{"level":"\u001b[32minfo\u001b[39m","message":"{\"method\":\"GET\",\"url\":\"/tasks\",\"status\":\"304\",\"responseTime\":\"147.255\"}","timestamp":"2025-03-30T17:49:48.967Z"}
{"level":"\u001b[32minfo\u001b[39m","message":"{\"method\":\"GET\",\"url\":\"/tasks\",\"status\":\"304\",\"responseTime\":\"120.314\"}","timestamp":"2025-03-30T17:49:50.202Z"}
{"level":"\u001b[32minfo\u001b[39m","message":"{\"method\":\"GET\",\"url\":\"/tasks\",\"status\":\"304\",\"responseTime\":\"337.884\"}","timestamp":"2025-03-30T17:50:21.502Z"}
{"level":"\u001b[32minfo\u001b[39m","message":"{\"method\":\"GET\",\"url\":\"/tasks\",\"status\":\"304\",\"responseTime\":\"134.037\"}","timestamp":"2025-03-30T17:50:28.683Z"}
{"level":"\u001b[32minfo\u001b[39m","message":"{\"method\":\"GET\",\"url\":\"/tasks\",\"status\":\"304\",\"responseTime\":\"133.361\"}","timestamp":"2025-03-30T17:50:32.000Z"}
{"level":"\u001b[32minfo\u001b[39m","message":"{\"method\":\"GET\",\"url\":\"/tasks\",\"status\":\"304\",\"responseTime\":\"122.814\"}","timestamp":"2025-03-30T17:50:34.699Z"}
{"level":"\u001b[32minfo\u001b[39m","message":"{\"method\":\"GET\",\"url\":\"/tasks\",\"status\":\"304\",\"responseTime\":\"130.556\"}","timestamp":"2025-03-30T17:51:03.866Z"}
{"level":"\u001b[32minfo\u001b[39m","message":"{\"method\":\"GET\",\"url\":\"/tasks\",\"status\":\"304\",\"responseTime\":\"379.051\"}","timestamp":"2025-03-30T17:56:59.722Z"}
{"level":"\u001b[32minfo\u001b[39m","message":"{\"method\":\"GET\",\"url\":\"/tasks\",\"status\":\"304\",\"responseTime\":\"97.957\"}","timestamp":"2025-03-30T17:57:01.801Z"}
{"level":"\u001b[32minfo\u001b[39m","message":"{\"method\":\"GET\",\"url\":\"/tasks\",\"status\":\"304\",\"responseTime\":\"125.434\"}","timestamp":"2025-03-30T17:57:03.635Z"}
{"level":"\u001b[32minfo\u001b[39m","message":"{\"method\":\"GET\",\"url\":\"/tasks\",\"status\":\"304\",\"responseTime\":\"93.556\"}","timestamp":"2025-03-30T17:57:04.221Z"}
{"level":"\u001b[32minfo\u001b[39m","message":"{\"method\":\"GET\",\"url\":\"/tasks\",\"status\":\"304\",\"responseTime\":\"100.152\"}","timestamp":"2025-03-30T17:57:23.514Z"}
{"level":"\u001b[32minfo\u001b[39m","message":"{\"method\":\"GET\",\"url\":\"/tasks\",\"status\":\"304\",\"responseTime\":\"107.202\"}","timestamp":"2025-03-30T17:57:49.077Z"}
{"level":"\u001b[32minfo\u001b[39m","message":"{\"method\":\"GET\",\"url\":\"/tasks\",\"status\":\"304\",\"responseTime\":\"96.542\"}","timestamp":"2025-03-30T18:00:45.158Z"}
{"level":"\u001b[32minfo\u001b[39m","message":"{\"method\":\"GET\",\"url\":\"/tasks\",\"status\":\"304\",\"responseTime\":\"113.137\"}","timestamp":"2025-03-30T18:00:55.815Z"}
{"level":"\u001b[32minfo\u001b[39m","message":"{\"method\":\"GET\",\"url\":\"/tasks\",\"status\":\"304\",\"responseTime\":\"97.486\"}","timestamp":"2025-03-30T18:00:56.467Z"}
{"level":"\u001b[32minfo\u001b[39m","message":"{\"method\":\"GET\",\"url\":\"/tasks\",\"status\":\"304\",\"responseTime\":\"99.215\"}","timestamp":"2025-03-30T18:01:00.047Z"}
{"level":"\u001b[32minfo\u001b[39m","message":"{\"method\":\"GET\",\"url\":\"/tasks\",\"status\":\"304\",\"responseTime\":\"173.160\"}","timestamp":"2025-03-30T18:01:06.938Z"}
{"level":"\u001b[32minfo\u001b[39m","message":"{\"method\":\"GET\",\"url\":\"/tasks\",\"status\":\"304\",\"responseTime\":\"92.120\"}","timestamp":"2025-03-30T18:01:09.562Z"}
{"level":"\u001b[32minfo\u001b[39m","message":"{\"method\":\"GET\",\"url\":\"/tasks\",\"status\":\"304\",\"responseTime\":\"98.651\"}","timestamp":"2025-03-30T18:01:12.223Z"}
{"level":"\u001b[32minfo\u001b[39m","message":"{\"method\":\"GET\",\"url\":\"/tasks\",\"status\":\"304\",\"responseTime\":\"109.386\"}","timestamp":"2025-03-30T18:01:15.470Z"}
{"level":"\u001b[32minfo\u001b[39m","message":"{\"method\":\"GET\",\"url\":\"/tasks\",\"status\":\"304\",\"responseTime\":\"91.122\"}","timestamp":"2025-03-30T18:01:18.966Z"}
{"level":"\u001b[32minfo\u001b[39m","message":"{\"method\":\"GET\",\"url\":\"/tasks\",\"status\":\"304\",\"responseTime\":\"104.736\"}","timestamp":"2025-03-30T18:01:23.866Z"}
{"level":"\u001b[32minfo\u001b[39m","message":"{\"method\":\"GET\",\"url\":\"/tasks\",\"status\":\"304\",\"responseTime\":\"89.135\"}","timestamp":"2025-03-30T18:01:31.104Z"}
{"level":"\u001b[32minfo\u001b[39m","message":"{\"method\":\"GET\",\"url\":\"/tasks\",\"status\":\"304\",\"responseTime\":\"274.996\"}","timestamp":"2025-03-30T18:01:33.487Z"}
{"level":"\u001b[32minfo\u001b[39m","message":"{\"method\":\"GET\",\"url\":\"/tasks\",\"status\":\"304\",\"responseTime\":\"96.284\"}","timestamp":"2025-03-30T18:01:35.310Z"}
{"level":"\u001b[32minfo\u001b[39m","message":"{\"method\":\"PATCH\",\"url\":\"/updatestatus/67e97980ef5ae37bdee3a54a\",\"status\":\"500\",\"responseTime\":\"136.009\"}","timestamp":"2025-03-30T18:09:29.179Z"}
{"level":"\u001b[32minfo\u001b[39m","message":"{\"method\":\"PATCH\",\"url\":\"/updatestatus/67e97ef1ef5ae37bdee3a5be\",\"status\":\"404\",\"responseTime\":\"148.881\"}","timestamp":"2025-03-30T18:11:35.827Z"}
{"level":"\u001b[32minfo\u001b[39m","message":"{\"method\":\"GET\",\"url\":\"/tasks\",\"status\":\"304\",\"responseTime\":\"134.070\"}","timestamp":"2025-03-30T18:11:40.748Z"}
{"level":"\u001b[32minfo\u001b[39m","message":"{\"method\":\"PATCH\",\"url\":\"/updatestatus/67e97ef1ef5ae37bdee3a5be\",\"status\":\"404\",\"responseTime\":\"117.188\"}","timestamp":"2025-03-30T18:11:45.071Z"}
{"level":"\u001b[32minfo\u001b[39m","message":"{\"method\":\"PATCH\",\"url\":\"/updatestatus/67e97978ef5ae37bdee3a545\",\"status\":\"200\",\"responseTime\":\"156.834\"}","timestamp":"2025-03-30T18:14:21.823Z"}
{"level":"\u001b[32minfo\u001b[39m","message":"{\"method\":\"PATCH\",\"url\":\"/updatestatus/67e97ef1ef5ae37bdee3a5be\",\"status\":\"200\",\"responseTime\":\"125.591\"}","timestamp":"2025-03-30T18:14:23.430Z"}
{"level":"\u001b[32minfo\u001b[39m","message":"{\"method\":\"GET\",\"url\":\"/tasks\",\"status\":\"200\",\"responseTime\":\"138.045\"}","timestamp":"2025-03-30T18:14:26.635Z"}
{"level":"\u001b[32minfo\u001b[39m","message":"{\"method\":\"GET\",\"url\":\"/tasks\",\"status\":\"304\",\"responseTime\":\"131.186\"}","timestamp":"2025-03-30T18:14:29.155Z"}
{"level":"\u001b[32minfo\u001b[39m","message":"{\"method\":\"PATCH\",\"url\":\"/updatestatus/67e97f81aef9b70d4c6b6e72\",\"status\":\"200\",\"responseTime\":\"111.108\"}","timestamp":"2025-03-30T18:14:32.025Z"}
{"level":"\u001b[32minfo\u001b[39m","message":"{\"method\":\"PATCH\",\"url\":\"/updatestatus/67e97f81aef9b70d4c6b6e72\",\"status\":\"200\",\"responseTime\":\"118.662\"}","timestamp":"2025-03-30T18:14:41.862Z"}
{"level":"\u001b[32minfo\u001b[39m","message":"{\"method\":\"GET\",\"url\":\"/tasks\",\"status\":\"200\",\"responseTime\":\"144.528\"}","timestamp":"2025-03-30T18:16:47.153Z"}
{"level":"\u001b[32minfo\u001b[39m","message":"{\"method\":\"GET\",\"url\":\"/tasks\",\"status\":\"304\",\"responseTime\":\"131.852\"}","timestamp":"2025-03-30T18:16:56.500Z"}
{"level":"\u001b[32minfo\u001b[39m","message":"{\"method\":\"GET\",\"url\":\"/tasks\",\"status\":\"304\",\"responseTime\":\"104.089\"}","timestamp":"2025-03-30T18:16:59.352Z"}
{"level":"\u001b[32minfo\u001b[39m","message":"{\"method\":\"GET\",\"url\":\"/tasks\",\"status\":\"304\",\"responseTime\":\"149.757\"}","timestamp":"2025-03-30T18:17:03.078Z"}
{"level":"\u001b[32minfo\u001b[39m","message":"{\"method\":\"GET\",\"url\":\"/tasks\",\"status\":\"304\",\"responseTime\":\"116.788\"}","timestamp":"2025-03-30T18:17:05.482Z"}
{"level":"\u001b[32minfo\u001b[39m","message":"{\"method\":\"GET\",\"url\":\"/tasks\",\"status\":\"304\",\"responseTime\":\"195.617\"}","timestamp":"2025-03-30T18:17:07.178Z"}
{"level":"\u001b[32minfo\u001b[39m","message":"{\"method\":\"GET\",\"url\":\"/tasks\",\"status\":\"304\",\"responseTime\":\"340.864\"}","timestamp":"2025-03-30T18:18:16.831Z"}
{"level":"\u001b[32minfo\u001b[39m","message":"{\"method\":\"GET\",\"url\":\"/tasks\",\"status\":\"304\",\"responseTime\":\"119.598\"}","timestamp":"2025-03-30T18:18:24.803Z"}
{"level":"\u001b[32minfo\u001b[39m","message":"{\"method\":\"GET\",\"url\":\"/tasks\",\"status\":\"304\",\"responseTime\":\"112.438\"}","timestamp":"2025-03-30T18:18:53.249Z"}
{"level":"\u001b[32minfo\u001b[39m","message":"{\"method\":\"GET\",\"url\":\"/tasks\",\"status\":\"304\",\"responseTime\":\"116.991\"}","timestamp":"2025-03-30T18:18:59.837Z"}
{"level":"\u001b[32minfo\u001b[39m","message":"{\"method\":\"GET\",\"url\":\"/tasks\",\"status\":\"304\",\"responseTime\":\"100.866\"}","timestamp":"2025-03-30T18:20:19.707Z"}
{"level":"\u001b[32minfo\u001b[39m","message":"{\"method\":\"GET\",\"url\":\"/tasks\",\"status\":\"304\",\"responseTime\":\"105.675\"}","timestamp":"2025-03-30T18:20:57.180Z"}
{"level":"\u001b[32minfo\u001b[39m","message":"{\"method\":\"GET\",\"url\":\"/tasks\",\"status\":\"304\",\"responseTime\":\"127.555\"}","timestamp":"2025-03-30T18:21:20.561Z"}
{"level":"\u001b[32minfo\u001b[39m","message":"{\"method\":\"GET\",\"url\":\"/tasks\",\"status\":\"304\",\"responseTime\":\"128.076\"}","timestamp":"2025-03-30T18:21:55.569Z"}
{"level":"\u001b[32minfo\u001b[39m","message":"{\"method\":\"POST\",\"url\":\"/addtask\",\"status\":\"200\",\"responseTime\":\"133.058\"}","timestamp":"2025-03-30T18:22:00.380Z"}
{"level":"\u001b[32minfo\u001b[39m","message":"{\"method\":\"PATCH\",\"url\":\"/updatestatus/67e97dd7ef5ae37bdee3a5af\",\"status\":\"200\",\"responseTime\":\"123.047\"}","timestamp":"2025-03-30T18:22:07.343Z"}
{"level":"\u001b[32minfo\u001b[39m","message":"{\"method\":\"PATCH\",\"url\":\"/updatestatus/67e97dd7ef5ae37bdee3a5af\",\"status\":\"200\",\"responseTime\":\"368.698\"}","timestamp":"2025-03-30T18:22:10.416Z"}
{"level":"\u001b[32minfo\u001b[39m","message":"{\"method\":\"GET\",\"url\":\"/tasks\",\"status\":\"200\",\"responseTime\":\"114.848\"}","timestamp":"2025-03-30T18:22:17.342Z"}
{"level":"\u001b[32minfo\u001b[39m","message":"{\"method\":\"PATCH\",\"url\":\"/updatestatus/67e97f59aef9b70d4c6b6e6f\",\"status\":\"200\",\"responseTime\":\"115.978\"}","timestamp":"2025-03-30T18:22:30.545Z"}
{"level":"\u001b[32minfo\u001b[39m","message":"{\"method\":\"GET\",\"url\":\"/tasks\",\"status\":\"200\",\"responseTime\":\"310.771\"}","timestamp":"2025-03-30T18:22:33.638Z"}
{"level":"\u001b[32minfo\u001b[39m","message":"{\"method\":\"GET\",\"url\":\"/tasks\",\"status\":\"304\",\"responseTime\":\"152.362\"}","timestamp":"2025-03-30T18:22:38.897Z"}
{"level":"\u001b[32minfo\u001b[39m","message":"{\"method\":\"PATCH\",\"url\":\"/updatestatus/67e98bc871bbf4d0d8025078\",\"status\":\"200\",\"responseTime\":\"121.315\"}","timestamp":"2025-03-30T18:22:41.649Z"}
{"level":"\u001b[32minfo\u001b[39m","message":"{\"method\":\"GET\",\"url\":\"/tasks\",\"status\":\"200\",\"responseTime\":\"119.006\"}","timestamp":"2025-03-30T18:22:43.246Z"}
{"level":"\u001b[32minfo\u001b[39m","message":"{\"method\":\"PATCH\",\"url\":\"/updatestatus/67e97978ef5ae37bdee3a545\",\"status\":\"200\",\"responseTime\":\"116.154\"}","timestamp":"2025-03-30T18:22:49.153Z"}
{"level":"\u001b[32minfo\u001b[39m","message":"{\"method\":\"GET\",\"url\":\"/tasks\",\"status\":\"200\",\"responseTime\":\"106.876\"}","timestamp":"2025-03-30T18:22:50.832Z"}
{"level":"\u001b[32minfo\u001b[39m","message":"{\"method\":\"PATCH\",\"url\":\"/updatestatus/67e98bc871bbf4d0d8025078\",\"status\":\"200\",\"responseTime\":\"123.711\"}","timestamp":"2025-03-30T18:22:57.170Z"}
{"level":"\u001b[32minfo\u001b[39m","message":"{\"method\":\"GET\",\"url\":\"/tasks\",\"status\":\"200\",\"responseTime\":\"142.603\"}","timestamp":"2025-03-30T18:22:58.906Z"}
{"level":"\u001b[32minfo\u001b[39m","message":"{\"method\":\"GET\",\"url\":\"/tasks\",\"status\":\"304\",\"responseTime\":\"109.992\"}","timestamp":"2025-03-30T18:23:02.657Z"}
{"level":"\u001b[32minfo\u001b[39m","message":"{\"method\":\"GET\",\"url\":\"/tasks\",\"status\":\"304\",\"responseTime\":\"198.304\"}","timestamp":"2025-03-30T18:26:57.000Z"}
{"level":"\u001b[32minfo\u001b[39m","message":"{\"method\":\"GET\",\"url\":\"/tasks\",\"status\":\"304\",\"responseTime\":\"129.609\"}","timestamp":"2025-03-30T18:26:58.685Z"}
{"level":"\u001b[32minfo\u001b[39m","message":"{\"method\":\"GET\",\"url\":\"/tasks\",\"status\":\"304\",\"responseTime\":\"102.109\"}","timestamp":"2025-03-30T18:27:10.161Z"}
{"level":"\u001b[32minfo\u001b[39m","message":"{\"method\":\"GET\",\"url\":\"/tasks\",\"status\":\"304\",\"responseTime\":\"101.191\"}","timestamp":"2025-03-30T18:27:12.298Z"}
{"level":"\u001b[32minfo\u001b[39m","message":"{\"method\":\"GET\",\"url\":\"/tasks\",\"status\":\"304\",\"responseTime\":\"116.122\"}","timestamp":"2025-03-30T18:27:13.526Z"}
{"level":"\u001b[32minfo\u001b[39m","message":"{\"method\":\"GET\",\"url\":\"/tasks\",\"status\":\"304\",\"responseTime\":\"105.583\"}","timestamp":"2025-03-30T18:27:16.058Z"}
{"level":"\u001b[32minfo\u001b[39m","message":"{\"method\":\"GET\",\"url\":\"/tasks\",\"status\":\"304\",\"responseTime\":\"100.131\"}","timestamp":"2025-03-30T18:27:18.302Z"}
{"level":"\u001b[32minfo\u001b[39m","message":"{\"method\":\"GET\",\"url\":\"/tasks\",\"status\":\"304\",\"responseTime\":\"96.684\"}","timestamp":"2025-03-30T18:27:19.470Z"}
{"level":"\u001b[32minfo\u001b[39m","message":"{\"method\":\"GET\",\"url\":\"/tasks\",\"status\":\"304\",\"responseTime\":\"100.692\"}","timestamp":"2025-03-30T18:27:20.189Z"}
{"level":"\u001b[32minfo\u001b[39m","message":"{\"method\":\"GET\",\"url\":\"/tasks\",\"status\":\"304\",\"responseTime\":\"100.433\"}","timestamp":"2025-03-30T18:27:22.045Z"}
{"level":"\u001b[32minfo\u001b[39m","message":"{\"method\":\"GET\",\"url\":\"/tasks\",\"status\":\"304\",\"responseTime\":\"97.650\"}","timestamp":"2025-03-30T18:27:23.014Z"}
{"level":"\u001b[32minfo\u001b[39m","message":"{\"method\":\"GET\",\"url\":\"/tasks\",\"status\":\"304\",\"responseTime\":\"104.598\"}","timestamp":"2025-03-30T18:27:24.040Z"}
{"level":"\u001b[32minfo\u001b[39m","message":"{\"method\":\"GET\",\"url\":\"/tasks\",\"status\":\"304\",\"responseTime\":\"97.230\"}","timestamp":"2025-03-30T18:27:27.087Z"}
{"level":"\u001b[32minfo\u001b[39m","message":"{\"method\":\"GET\",\"url\":\"/tasks\",\"status\":\"304\",\"responseTime\":\"96.670\"}","timestamp":"2025-03-30T18:27:37.820Z"}
{"level":"\u001b[32minfo\u001b[39m","message":"{\"method\":\"GET\",\"url\":\"/tasks\",\"status\":\"304\",\"responseTime\":\"130.402\"}","timestamp":"2025-03-30T18:27:51.346Z"}
{"level":"\u001b[32minfo\u001b[39m","message":"{\"method\":\"GET\",\"url\":\"/tasks\",\"status\":\"304\",\"responseTime\":\"105.452\"}","timestamp":"2025-03-30T18:27:52.087Z"}
{"level":"\u001b[32minfo\u001b[39m","message":"{\"method\":\"GET\",\"url\":\"/tasks\",\"status\":\"304\",\"responseTime\":\"120.211\"}","timestamp":"2025-03-30T18:28:02.650Z"}
{"level":"\u001b[32minfo\u001b[39m","message":"{\"method\":\"GET\",\"url\":\"/tasks\",\"status\":\"304\",\"responseTime\":\"100.903\"}","timestamp":"2025-03-30T18:28:06.056Z"}
{"level":"\u001b[32minfo\u001b[39m","message":"{\"method\":\"GET\",\"url\":\"/tasks\",\"status\":\"304\",\"responseTime\":\"110.926\"}","timestamp":"2025-03-30T18:28:08.297Z"}
{"level":"\u001b[32minfo\u001b[39m","message":"{\"method\":\"GET\",\"url\":\"/tasks\",\"status\":\"304\",\"responseTime\":\"106.769\"}","timestamp":"2025-03-30T18:28:10.133Z"}
{"level":"\u001b[32minfo\u001b[39m","message":"{\"method\":\"GET\",\"url\":\"/tasks\",\"status\":\"304\",\"responseTime\":\"102.313\"}","timestamp":"2025-03-30T18:28:18.008Z"}
